PYTHONPATH is /alaska/tim/Code/algorithm-reference-library/::/alaska/tim/Code/algorithm-reference-library/
Running python: /alaska/tim/anaconda3/envs/arlenv/bin/python
Running dask-scheduler: /alaska/tim/anaconda3/envs/arlenv/bin/dask-scheduler
Changed directory to /mnt/storage-ssd/tim/Code/sim-low-imaging/performance/script1/run4.

openhpc-compute-[3-10]
Working on openhpc-compute-3 ....
run dask-scheduler
run dask-worker
Working on openhpc-compute-4 ....
run dask-worker
Working on openhpc-compute-5 ....
run dask-worker
Working on openhpc-compute-6 ....
run dask-worker
Working on openhpc-compute-7 ....
run dask-worker
distributed.scheduler - INFO - -----------------------------------------------
distributed.nanny - INFO -         Start Nanny at: 'tcp://10.3.0.5:36003'
distributed.diskutils - INFO - Found stale lock file and directory '/mnt/storage-ssd/tim/dask-workspace/openhpc-compute-3/worker-mq4481mf', purging
distributed.diskutils - INFO - Found stale lock file and directory '/mnt/storage-ssd/tim/dask-workspace/openhpc-compute-3/worker-p8w83k1a', purging
distributed.diskutils - INFO - Found stale lock file and directory '/mnt/storage-ssd/tim/dask-workspace/openhpc-compute-3/worker-jso9nktz', purging
distributed.diskutils - INFO - Found stale lock file and directory '/mnt/storage-ssd/tim/dask-workspace/openhpc-compute-3/worker-hgmsut0c', purging
distributed.diskutils - INFO - Found stale lock file and directory '/mnt/storage-ssd/tim/dask-workspace/openhpc-compute-3/worker-74zw421j', purging
distributed.diskutils - INFO - Found stale lock file and directory '/mnt/storage-ssd/tim/dask-workspace/openhpc-compute-3/worker-vp1_kaza', purging
distributed.diskutils - INFO - Found stale lock file and directory '/mnt/storage-ssd/tim/dask-workspace/openhpc-compute-3/worker-7alo6f3j', purging
distributed.diskutils - INFO - Found stale lock file and directory '/mnt/storage-ssd/tim/dask-workspace/openhpc-compute-3/worker-zgpa0wjy', purging
distributed.diskutils - INFO - Found stale lock file and directory '/mnt/storage-ssd/tim/dask-workspace/openhpc-compute-3/worker-5_qgnyxq', purging
distributed.diskutils - INFO - Found stale lock file and directory '/mnt/storage-ssd/tim/dask-workspace/openhpc-compute-3/worker-17570wb9', purging
distributed.diskutils - INFO - Found stale lock file and directory '/mnt/storage-ssd/tim/dask-workspace/openhpc-compute-3/worker-cvkbtnu8', purging
distributed.diskutils - INFO - Found stale lock file and directory '/mnt/storage-ssd/tim/dask-workspace/openhpc-compute-3/worker-yi_jwqfb', purging
distributed.diskutils - INFO - Found stale lock file and directory '/mnt/storage-ssd/tim/dask-workspace/openhpc-compute-3/worker-r8a9lera', purging
distributed.diskutils - INFO - Found stale lock file and directory '/mnt/storage-ssd/tim/dask-workspace/openhpc-compute-3/worker-4x5p6fp5', purging
distributed.diskutils - INFO - Found stale lock file and directory '/mnt/storage-ssd/tim/dask-workspace/openhpc-compute-3/worker-pndmonu0', purging
distributed.diskutils - INFO - Found stale lock file and directory '/mnt/storage-ssd/tim/dask-workspace/openhpc-compute-3/worker-6g7krwdk', purging
distributed.diskutils - INFO - Found stale lock file and directory '/mnt/storage-ssd/tim/dask-workspace/openhpc-compute-3/worker-ktyj6kbl', purging
distributed.diskutils - INFO - Found stale lock file and directory '/mnt/storage-ssd/tim/dask-workspace/openhpc-compute-3/worker-_0yvfb06', purging
distributed.diskutils - INFO - Found stale lock file and directory '/mnt/storage-ssd/tim/dask-workspace/openhpc-compute-3/worker-gleyjonh', purging
distributed.diskutils - INFO - Found stale lock file and directory '/mnt/storage-ssd/tim/dask-workspace/openhpc-compute-3/worker-vh6b49_j', purging
distributed.diskutils - INFO - Found stale lock file and directory '/mnt/storage-ssd/tim/dask-workspace/openhpc-compute-3/worker-vrjo630e', purging
distributed.diskutils - INFO - Found stale lock file and directory '/mnt/storage-ssd/tim/dask-workspace/openhpc-compute-3/worker-f7w1o4s2', purging
distributed.diskutils - INFO - Found stale lock file and directory '/mnt/storage-ssd/tim/dask-workspace/openhpc-compute-3/worker-jedj_c3k', purging
distributed.diskutils - INFO - Found stale lock file and directory '/mnt/storage-ssd/tim/dask-workspace/openhpc-compute-3/worker-horc1xfx', purging
distributed.diskutils - INFO - Found stale lock file and directory '/mnt/storage-ssd/tim/dask-workspace/openhpc-compute-3/worker-p35oe_wh', purging
distributed.diskutils - INFO - Found stale lock file and directory '/mnt/storage-ssd/tim/dask-workspace/openhpc-compute-3/worker-ea654owo', purging
distributed.diskutils - INFO - Found stale lock file and directory '/mnt/storage-ssd/tim/dask-workspace/openhpc-compute-3/worker-t9hjkxpk', purging
distributed.diskutils - INFO - Found stale lock file and directory '/mnt/storage-ssd/tim/dask-workspace/openhpc-compute-3/worker-1v7c83lt', purging
distributed.diskutils - INFO - Found stale lock file and directory '/mnt/storage-ssd/tim/dask-workspace/openhpc-compute-3/worker-94b3sksb', purging
distributed.diskutils - INFO - Found stale lock file and directory '/mnt/storage-ssd/tim/dask-workspace/openhpc-compute-3/worker-nqsw792x', purging
distributed.diskutils - INFO - Found stale lock file and directory '/mnt/storage-ssd/tim/dask-workspace/openhpc-compute-3/worker-1yodu6v0', purging
distributed.diskutils - INFO - Found stale lock file and directory '/mnt/storage-ssd/tim/dask-workspace/openhpc-compute-3/worker-2t494qo5', purging
Working on openhpc-compute-8 ....
run dask-worker
Working on openhpc-compute-9 ....
run dask-worker
Working on openhpc-compute-10 ....
run dask-worker
Scheduler and workers now running
Scheduler is running at openhpc-compute-3
distributed.nanny - INFO -         Start Nanny at: 'tcp://10.3.0.15:33003'
distributed.nanny - INFO -         Start Nanny at: 'tcp://10.3.0.1:46198'
distributed.diskutils - INFO - Found stale lock file and directory '/mnt/storage-ssd/tim/dask-workspace/openhpc-compute-5/worker-84e58sfu', purging
distributed.diskutils - INFO - Found stale lock file and directory '/mnt/storage-ssd/tim/dask-workspace/openhpc-compute-5/worker-j21sezaf', purging
distributed.diskutils - INFO - Found stale lock file and directory '/mnt/storage-ssd/tim/dask-workspace/openhpc-compute-5/worker-h4mi8mnb', purging
distributed.diskutils - INFO - Found stale lock file and directory '/mnt/storage-ssd/tim/dask-workspace/openhpc-compute-5/worker-dsjmtmj4', purging
distributed.diskutils - INFO - Found stale lock file and directory '/mnt/storage-ssd/tim/dask-workspace/openhpc-compute-5/worker-vkj1cg5o', purging
distributed.diskutils - INFO - Found stale lock file and directory '/mnt/storage-ssd/tim/dask-workspace/openhpc-compute-5/worker-d1893hgu', purging
distributed.diskutils - INFO - Found stale lock file and directory '/mnt/storage-ssd/tim/dask-workspace/openhpc-compute-5/worker-wf4z2ybh', purging
distributed.diskutils - INFO - Found stale lock file and directory '/mnt/storage-ssd/tim/dask-workspace/openhpc-compute-5/worker-kw2v7c1h', purging
distributed.diskutils - INFO - Found stale lock file and directory '/mnt/storage-ssd/tim/dask-workspace/openhpc-compute-5/worker-493_qlc6', purging
distributed.diskutils - INFO - Found stale lock file and directory '/mnt/storage-ssd/tim/dask-workspace/openhpc-compute-5/worker-2vund2el', purging
distributed.diskutils - INFO - Found stale lock file and directory '/mnt/storage-ssd/tim/dask-workspace/openhpc-compute-5/worker-vn3z2owf', purging
distributed.diskutils - INFO - Found stale lock file and directory '/mnt/storage-ssd/tim/dask-workspace/openhpc-compute-5/worker-6c8i8z9h', purging
distributed.diskutils - INFO - Found stale lock file and directory '/mnt/storage-ssd/tim/dask-workspace/openhpc-compute-5/worker-ikci074k', purging
distributed.diskutils - INFO - Found stale lock file and directory '/mnt/storage-ssd/tim/dask-workspace/openhpc-compute-5/worker-v9k9_sij', purging
distributed.diskutils - INFO - Found stale lock file and directory '/mnt/storage-ssd/tim/dask-workspace/openhpc-compute-5/worker-sqqmfk6l', purging
distributed.diskutils - INFO - Found stale lock file and directory '/mnt/storage-ssd/tim/dask-workspace/openhpc-compute-5/worker-_ia58uc6', purging
distributed.diskutils - INFO - Found stale lock file and directory '/mnt/storage-ssd/tim/dask-workspace/openhpc-compute-5/worker-cmh8mnzu', purging
distributed.diskutils - INFO - Found stale lock file and directory '/mnt/storage-ssd/tim/dask-workspace/openhpc-compute-5/worker-gwpy_53g', purging
distributed.diskutils - INFO - Found stale lock file and directory '/mnt/storage-ssd/tim/dask-workspace/openhpc-compute-5/worker-er58nqvc', purging
distributed.diskutils - INFO - Found stale lock file and directory '/mnt/storage-ssd/tim/dask-workspace/openhpc-compute-5/worker-tpwnaw5d', purging
distributed.diskutils - INFO - Found stale lock file and directory '/mnt/storage-ssd/tim/dask-workspace/openhpc-compute-5/worker-1t5gb4_5', purging
distributed.diskutils - INFO - Found stale lock file and directory '/mnt/storage-ssd/tim/dask-workspace/openhpc-compute-5/worker-ckhl33fn', purging
distributed.diskutils - INFO - Found stale lock file and directory '/mnt/storage-ssd/tim/dask-workspace/openhpc-compute-5/worker-p2srucc8', purging
distributed.diskutils - INFO - Found stale lock file and directory '/mnt/storage-ssd/tim/dask-workspace/openhpc-compute-5/worker-yftbj73l', purging
distributed.diskutils - INFO - Found stale lock file and directory '/mnt/storage-ssd/tim/dask-workspace/openhpc-compute-5/worker-vd5lzliw', purging
distributed.diskutils - INFO - Found stale lock file and directory '/mnt/storage-ssd/tim/dask-workspace/openhpc-compute-5/worker-m5522zyv', purging
distributed.diskutils - INFO - Found stale lock file and directory '/mnt/storage-ssd/tim/dask-workspace/openhpc-compute-5/worker-0o2rdcrn', purging
distributed.diskutils - INFO - Found stale lock file and directory '/mnt/storage-ssd/tim/dask-workspace/openhpc-compute-5/worker-npbk7ky1', purging
distributed.diskutils - INFO - Found stale lock file and directory '/mnt/storage-ssd/tim/dask-workspace/openhpc-compute-5/worker-fovhnt_p', purging
distributed.diskutils - INFO - Found stale lock file and directory '/mnt/storage-ssd/tim/dask-workspace/openhpc-compute-5/worker-fe724g_q', purging
distributed.diskutils - INFO - Found stale lock file and directory '/mnt/storage-ssd/tim/dask-workspace/openhpc-compute-5/worker-fu7fonqr', purging
distributed.diskutils - INFO - Found stale lock file and directory '/mnt/storage-ssd/tim/dask-workspace/openhpc-compute-5/worker-cmuymivj', purging
distributed.diskutils - INFO - Found stale lock file and directory '/mnt/storage-ssd/tim/dask-workspace/openhpc-compute-6/worker-u6ddrfk5', purging
distributed.diskutils - INFO - Found stale lock file and directory '/mnt/storage-ssd/tim/dask-workspace/openhpc-compute-6/worker-sxxrxavw', purging
distributed.diskutils - INFO - Found stale lock file and directory '/mnt/storage-ssd/tim/dask-workspace/openhpc-compute-6/worker-1lnvxz0s', purging
distributed.diskutils - INFO - Found stale lock file and directory '/mnt/storage-ssd/tim/dask-workspace/openhpc-compute-6/worker-hgjp5jfr', purging
distributed.diskutils - INFO - Found stale lock file and directory '/mnt/storage-ssd/tim/dask-workspace/openhpc-compute-6/worker-a052cl03', purging
distributed.diskutils - INFO - Found stale lock file and directory '/mnt/storage-ssd/tim/dask-workspace/openhpc-compute-6/worker-w4cvk6le', purging
distributed.diskutils - INFO - Found stale lock file and directory '/mnt/storage-ssd/tim/dask-workspace/openhpc-compute-6/worker-p050ij2q', purging
distributed.diskutils - INFO - Found stale lock file and directory '/mnt/storage-ssd/tim/dask-workspace/openhpc-compute-6/worker-3qagbbg_', purging
distributed.diskutils - INFO - Found stale lock file and directory '/mnt/storage-ssd/tim/dask-workspace/openhpc-compute-6/worker-2oh6og8n', purging
distributed.diskutils - INFO - Found stale lock file and directory '/mnt/storage-ssd/tim/dask-workspace/openhpc-compute-6/worker-vwe4o9_y', purging
distributed.diskutils - INFO - Found stale lock file and directory '/mnt/storage-ssd/tim/dask-workspace/openhpc-compute-6/worker-s80jgia4', purging
distributed.diskutils - INFO - Found stale lock file and directory '/mnt/storage-ssd/tim/dask-workspace/openhpc-compute-6/worker-2fdrto2o', purging
distributed.diskutils - INFO - Found stale lock file and directory '/mnt/storage-ssd/tim/dask-workspace/openhpc-compute-6/worker-a8v9y1dv', purging
distributed.diskutils - INFO - Found stale lock file and directory '/mnt/storage-ssd/tim/dask-workspace/openhpc-compute-6/worker-yivmvzc0', purging
distributed.diskutils - INFO - Found stale lock file and directory '/mnt/storage-ssd/tim/dask-workspace/openhpc-compute-6/worker-wtf2jx1m', purging
distributed.diskutils - INFO - Found stale lock file and directory '/mnt/storage-ssd/tim/dask-workspace/openhpc-compute-6/worker-0a6q22bo', purging
distributed.diskutils - INFO - Found stale lock file and directory '/mnt/storage-ssd/tim/dask-workspace/openhpc-compute-6/worker-s1ko7kee', purging
distributed.diskutils - INFO - Found stale lock file and directory '/mnt/storage-ssd/tim/dask-workspace/openhpc-compute-6/worker-gg1pkqsp', purging
distributed.diskutils - INFO - Found stale lock file and directory '/mnt/storage-ssd/tim/dask-workspace/openhpc-compute-6/worker-rw3yson7', purging
distributed.diskutils - INFO - Found stale lock file and directory '/mnt/storage-ssd/tim/dask-workspace/openhpc-compute-6/worker-xyof6g8k', purging
distributed.diskutils - INFO - Found stale lock file and directory '/mnt/storage-ssd/tim/dask-workspace/openhpc-compute-6/worker-undm0mxs', purging
distributed.diskutils - INFO - Found stale lock file and directory '/mnt/storage-ssd/tim/dask-workspace/openhpc-compute-6/worker-fergqm23', purging
distributed.diskutils - INFO - Found stale lock file and directory '/mnt/storage-ssd/tim/dask-workspace/openhpc-compute-6/worker-clyykfog', purging
distributed.diskutils - INFO - Found stale lock file and directory '/mnt/storage-ssd/tim/dask-workspace/openhpc-compute-6/worker-fwz462tj', purging
distributed.diskutils - INFO - Found stale lock file and directory '/mnt/storage-ssd/tim/dask-workspace/openhpc-compute-6/worker-jsamajhb', purging
distributed.diskutils - INFO - Found stale lock file and directory '/mnt/storage-ssd/tim/dask-workspace/openhpc-compute-6/worker-76erckq5', purging
distributed.diskutils - INFO - Found stale lock file and directory '/mnt/storage-ssd/tim/dask-workspace/openhpc-compute-6/worker-p4ohrmu4', purging
distributed.diskutils - INFO - Found stale lock file and directory '/mnt/storage-ssd/tim/dask-workspace/openhpc-compute-6/worker-0kf3zy_a', purging
distributed.diskutils - INFO - Found stale lock file and directory '/mnt/storage-ssd/tim/dask-workspace/openhpc-compute-6/worker-64wtzxlv', purging
distributed.diskutils - INFO - Found stale lock file and directory '/mnt/storage-ssd/tim/dask-workspace/openhpc-compute-6/worker-m1pixgis', purging
distributed.diskutils - INFO - Found stale lock file and directory '/mnt/storage-ssd/tim/dask-workspace/openhpc-compute-6/worker-zfg3joeq', purging
distributed.diskutils - INFO - Found stale lock file and directory '/mnt/storage-ssd/tim/dask-workspace/openhpc-compute-6/worker-f9eng27d', purging
distributed.nanny - INFO -         Start Nanny at: 'tcp://10.3.0.10:35513'
distributed.diskutils - INFO - Found stale lock file and directory '/mnt/storage-ssd/tim/dask-workspace/openhpc-compute-4/worker-t5ry0iys', purging
distributed.diskutils - INFO - Found stale lock file and directory '/mnt/storage-ssd/tim/dask-workspace/openhpc-compute-4/worker-g4am1m9n', purging
distributed.diskutils - INFO - Found stale lock file and directory '/mnt/storage-ssd/tim/dask-workspace/openhpc-compute-4/worker-i6h67jug', purging
distributed.diskutils - INFO - Found stale lock file and directory '/mnt/storage-ssd/tim/dask-workspace/openhpc-compute-4/worker-gjcvfql8', purging
distributed.diskutils - INFO - Found stale lock file and directory '/mnt/storage-ssd/tim/dask-workspace/openhpc-compute-4/worker-jz19c0td', purging
distributed.diskutils - INFO - Found stale lock file and directory '/mnt/storage-ssd/tim/dask-workspace/openhpc-compute-4/worker-dtch3ipl', purging
distributed.diskutils - INFO - Found stale lock file and directory '/mnt/storage-ssd/tim/dask-workspace/openhpc-compute-4/worker-npumuyqu', purging
distributed.diskutils - INFO - Found stale lock file and directory '/mnt/storage-ssd/tim/dask-workspace/openhpc-compute-4/worker-n1h7nev9', purging
distributed.diskutils - INFO - Found stale lock file and directory '/mnt/storage-ssd/tim/dask-workspace/openhpc-compute-4/worker-5quicux_', purging
distributed.diskutils - INFO - Found stale lock file and directory '/mnt/storage-ssd/tim/dask-workspace/openhpc-compute-4/worker-i6kheehq', purging
distributed.diskutils - INFO - Found stale lock file and directory '/mnt/storage-ssd/tim/dask-workspace/openhpc-compute-4/worker-sylu_yuk', purging
distributed.diskutils - INFO - Found stale lock file and directory '/mnt/storage-ssd/tim/dask-workspace/openhpc-compute-4/worker-6kt55k_i', purging
distributed.diskutils - INFO - Found stale lock file and directory '/mnt/storage-ssd/tim/dask-workspace/openhpc-compute-4/worker-bwqstca0', purging
distributed.diskutils - INFO - Found stale lock file and directory '/mnt/storage-ssd/tim/dask-workspace/openhpc-compute-4/worker-2dm944aj', purging
distributed.diskutils - INFO - Found stale lock file and directory '/mnt/storage-ssd/tim/dask-workspace/openhpc-compute-4/worker-9a7f0qg4', purging
distributed.diskutils - INFO - Found stale lock file and directory '/mnt/storage-ssd/tim/dask-workspace/openhpc-compute-4/worker-ip2q7m6l', purging
distributed.diskutils - INFO - Found stale lock file and directory '/mnt/storage-ssd/tim/dask-workspace/openhpc-compute-4/worker-d97mlfkp', purging
distributed.diskutils - INFO - Found stale lock file and directory '/mnt/storage-ssd/tim/dask-workspace/openhpc-compute-4/worker-198nvdrt', purging
distributed.diskutils - INFO - Found stale lock file and directory '/mnt/storage-ssd/tim/dask-workspace/openhpc-compute-4/worker-dcj3mnea', purging
distributed.diskutils - INFO - Found stale lock file and directory '/mnt/storage-ssd/tim/dask-workspace/openhpc-compute-4/worker-y3aecyvg', purging
distributed.diskutils - INFO - Found stale lock file and directory '/mnt/storage-ssd/tim/dask-workspace/openhpc-compute-4/worker-rwxql3vc', purging
distributed.diskutils - INFO - Found stale lock file and directory '/mnt/storage-ssd/tim/dask-workspace/openhpc-compute-4/worker-8y686w3y', purging
distributed.diskutils - INFO - Found stale lock file and directory '/mnt/storage-ssd/tim/dask-workspace/openhpc-compute-4/worker-1xyuxr4d', purging
distributed.diskutils - INFO - Found stale lock file and directory '/mnt/storage-ssd/tim/dask-workspace/openhpc-compute-4/worker-xcfpkza6', purging
distributed.diskutils - INFO - Found stale lock file and directory '/mnt/storage-ssd/tim/dask-workspace/openhpc-compute-4/worker-glykg9fd', purging
distributed.diskutils - INFO - Found stale lock file and directory '/mnt/storage-ssd/tim/dask-workspace/openhpc-compute-4/worker-tw28btbm', purging
distributed.diskutils - INFO - Found stale lock file and directory '/mnt/storage-ssd/tim/dask-workspace/openhpc-compute-4/worker-53lvej0_', purging
distributed.diskutils - INFO - Found stale lock file and directory '/mnt/storage-ssd/tim/dask-workspace/openhpc-compute-4/worker-r0nrekhl', purging
distributed.diskutils - INFO - Found stale lock file and directory '/mnt/storage-ssd/tim/dask-workspace/openhpc-compute-4/worker-idmdit6i', purging
distributed.diskutils - INFO - Found stale lock file and directory '/mnt/storage-ssd/tim/dask-workspace/openhpc-compute-4/worker-mkaefkre', purging
distributed.diskutils - INFO - Found stale lock file and directory '/mnt/storage-ssd/tim/dask-workspace/openhpc-compute-4/worker-xxv_om7_', purging
distributed.diskutils - INFO - Found stale lock file and directory '/mnt/storage-ssd/tim/dask-workspace/openhpc-compute-4/worker-_4ii72lh', purging
distributed.nanny - INFO -         Start Nanny at: 'tcp://10.3.0.24:38555'
distributed.nanny - INFO -         Start Nanny at: 'tcp://10.3.0.25:41355'
distributed.diskutils - INFO - Found stale lock file and directory '/mnt/storage-ssd/tim/dask-workspace/openhpc-compute-9/worker-iwgmoj3g', purging
distributed.diskutils - INFO - Found stale lock file and directory '/mnt/storage-ssd/tim/dask-workspace/openhpc-compute-9/worker-1rho_n7z', purging
distributed.diskutils - INFO - Found stale lock file and directory '/mnt/storage-ssd/tim/dask-workspace/openhpc-compute-9/worker-287g4bb8', purging
distributed.diskutils - INFO - Found stale lock file and directory '/mnt/storage-ssd/tim/dask-workspace/openhpc-compute-9/worker-lx94p44r', purging
distributed.diskutils - INFO - Found stale lock file and directory '/mnt/storage-ssd/tim/dask-workspace/openhpc-compute-9/worker-5i_ynco_', purging
distributed.diskutils - INFO - Found stale lock file and directory '/mnt/storage-ssd/tim/dask-workspace/openhpc-compute-9/worker-8wof2l5f', purging
distributed.diskutils - INFO - Found stale lock file and directory '/mnt/storage-ssd/tim/dask-workspace/openhpc-compute-9/worker-08cr1lnx', purging
distributed.diskutils - INFO - Found stale lock file and directory '/mnt/storage-ssd/tim/dask-workspace/openhpc-compute-9/worker-ub_p3l1j', purging
distributed.diskutils - INFO - Found stale lock file and directory '/mnt/storage-ssd/tim/dask-workspace/openhpc-compute-9/worker-lc9662iu', purging
distributed.diskutils - INFO - Found stale lock file and directory '/mnt/storage-ssd/tim/dask-workspace/openhpc-compute-9/worker-250c0ou4', purging
distributed.diskutils - INFO - Found stale lock file and directory '/mnt/storage-ssd/tim/dask-workspace/openhpc-compute-9/worker-nd5sb51r', purging
distributed.diskutils - INFO - Found stale lock file and directory '/mnt/storage-ssd/tim/dask-workspace/openhpc-compute-9/worker-k00qae98', purging
distributed.diskutils - INFO - Found stale lock file and directory '/mnt/storage-ssd/tim/dask-workspace/openhpc-compute-9/worker-kcjag_wn', purging
distributed.diskutils - INFO - Found stale lock file and directory '/mnt/storage-ssd/tim/dask-workspace/openhpc-compute-9/worker-tfv6lht8', purging
distributed.diskutils - INFO - Found stale lock file and directory '/mnt/storage-ssd/tim/dask-workspace/openhpc-compute-9/worker-y_2t894z', purging
distributed.diskutils - INFO - Found stale lock file and directory '/mnt/storage-ssd/tim/dask-workspace/openhpc-compute-9/worker-nl53t8i_', purging
distributed.diskutils - INFO - Found stale lock file and directory '/mnt/storage-ssd/tim/dask-workspace/openhpc-compute-9/worker-597piem9', purging
distributed.diskutils - INFO - Found stale lock file and directory '/mnt/storage-ssd/tim/dask-workspace/openhpc-compute-9/worker-6c6d5k5l', purging
distributed.diskutils - INFO - Found stale lock file and directory '/mnt/storage-ssd/tim/dask-workspace/openhpc-compute-9/worker-s4us0ibu', purging
distributed.diskutils - INFO - Found stale lock file and directory '/mnt/storage-ssd/tim/dask-workspace/openhpc-compute-9/worker-4vkl88h4', purging
distributed.diskutils - INFO - Found stale lock file and directory '/mnt/storage-ssd/tim/dask-workspace/openhpc-compute-9/worker-wbqazl2n', purging
distributed.diskutils - INFO - Found stale lock file and directory '/mnt/storage-ssd/tim/dask-workspace/openhpc-compute-9/worker-xmlpruiy', purging
distributed.diskutils - INFO - Found stale lock file and directory '/mnt/storage-ssd/tim/dask-workspace/openhpc-compute-9/worker-ltgf22uj', purging
distributed.diskutils - INFO - Found stale lock file and directory '/mnt/storage-ssd/tim/dask-workspace/openhpc-compute-9/worker-a29h593m', purging
distributed.diskutils - INFO - Found stale lock file and directory '/mnt/storage-ssd/tim/dask-workspace/openhpc-compute-9/worker-scuz_lf5', purging
distributed.diskutils - INFO - Found stale lock file and directory '/mnt/storage-ssd/tim/dask-workspace/openhpc-compute-9/worker-ualu7lhl', purging
distributed.diskutils - INFO - Found stale lock file and directory '/mnt/storage-ssd/tim/dask-workspace/openhpc-compute-9/worker-ejfwbh1b', purging
distributed.diskutils - INFO - Found stale lock file and directory '/mnt/storage-ssd/tim/dask-workspace/openhpc-compute-9/worker-1x9qdr2g', purging
distributed.diskutils - INFO - Found stale lock file and directory '/mnt/storage-ssd/tim/dask-workspace/openhpc-compute-9/worker-ojfrftge', purging
distributed.diskutils - INFO - Found stale lock file and directory '/mnt/storage-ssd/tim/dask-workspace/openhpc-compute-9/worker-zawh5p3j', purging
distributed.diskutils - INFO - Found stale lock file and directory '/mnt/storage-ssd/tim/dask-workspace/openhpc-compute-9/worker-jzvxe1yf', purging
distributed.diskutils - INFO - Found stale lock file and directory '/mnt/storage-ssd/tim/dask-workspace/openhpc-compute-9/worker-yq1_cxic', purging
distributed.diskutils - INFO - Found stale lock file and directory '/mnt/storage-ssd/tim/dask-workspace/openhpc-compute-8/worker-2hzt6i0v', purging
distributed.diskutils - INFO - Found stale lock file and directory '/mnt/storage-ssd/tim/dask-workspace/openhpc-compute-8/worker-s_j1ice5', purging
distributed.diskutils - INFO - Found stale lock file and directory '/mnt/storage-ssd/tim/dask-workspace/openhpc-compute-8/worker-ibp8pala', purging
distributed.diskutils - INFO - Found stale lock file and directory '/mnt/storage-ssd/tim/dask-workspace/openhpc-compute-8/worker-x_ou43t4', purging
distributed.diskutils - INFO - Found stale lock file and directory '/mnt/storage-ssd/tim/dask-workspace/openhpc-compute-8/worker-h1ctmkx2', purging
distributed.diskutils - INFO - Found stale lock file and directory '/mnt/storage-ssd/tim/dask-workspace/openhpc-compute-8/worker-a9o2jbjj', purging
distributed.diskutils - INFO - Found stale lock file and directory '/mnt/storage-ssd/tim/dask-workspace/openhpc-compute-8/worker-z6sky_nv', purging
distributed.diskutils - INFO - Found stale lock file and directory '/mnt/storage-ssd/tim/dask-workspace/openhpc-compute-8/worker-k4ec8tpc', purging
distributed.diskutils - INFO - Found stale lock file and directory '/mnt/storage-ssd/tim/dask-workspace/openhpc-compute-8/worker-s2bkoe40', purging
distributed.diskutils - INFO - Found stale lock file and directory '/mnt/storage-ssd/tim/dask-workspace/openhpc-compute-8/worker-3olsu0x4', purging
distributed.diskutils - INFO - Found stale lock file and directory '/mnt/storage-ssd/tim/dask-workspace/openhpc-compute-8/worker-9972066_', purging
distributed.diskutils - INFO - Found stale lock file and directory '/mnt/storage-ssd/tim/dask-workspace/openhpc-compute-8/worker-9bghpxqq', purging
distributed.diskutils - INFO - Found stale lock file and directory '/mnt/storage-ssd/tim/dask-workspace/openhpc-compute-8/worker-46_sv6og', purging
distributed.diskutils - INFO - Found stale lock file and directory '/mnt/storage-ssd/tim/dask-workspace/openhpc-compute-8/worker-g_3ti3xy', purging
distributed.diskutils - INFO - Found stale lock file and directory '/mnt/storage-ssd/tim/dask-workspace/openhpc-compute-8/worker-672hlxab', purging
distributed.diskutils - INFO - Found stale lock file and directory '/mnt/storage-ssd/tim/dask-workspace/openhpc-compute-8/worker-g7se7173', purging
distributed.diskutils - INFO - Found stale lock file and directory '/mnt/storage-ssd/tim/dask-workspace/openhpc-compute-8/worker-v14l_dwa', purging
distributed.diskutils - INFO - Found stale lock file and directory '/mnt/storage-ssd/tim/dask-workspace/openhpc-compute-8/worker-0s0uww_s', purging
distributed.diskutils - INFO - Found stale lock file and directory '/mnt/storage-ssd/tim/dask-workspace/openhpc-compute-8/worker-xk_t7vse', purging
distributed.scheduler - INFO - Local Directory:    /tmp/scheduler-j9u7xs1x
distributed.scheduler - INFO - -----------------------------------------------
distributed.scheduler - INFO - Clear task state
distributed.diskutils - INFO - Found stale lock file and directory '/mnt/storage-ssd/tim/dask-workspace/openhpc-compute-8/worker-bikc0fpt', purging
distributed.diskutils - INFO - Found stale lock file and directory '/mnt/storage-ssd/tim/dask-workspace/openhpc-compute-8/worker-ihp9e71j', purging
distributed.diskutils - INFO - Found stale lock file and directory '/mnt/storage-ssd/tim/dask-workspace/openhpc-compute-8/worker-fli3q97b', purging
distributed.diskutils - INFO - Found stale lock file and directory '/mnt/storage-ssd/tim/dask-workspace/openhpc-compute-8/worker-vuxh92mz', purging
distributed.diskutils - INFO - Found stale lock file and directory '/mnt/storage-ssd/tim/dask-workspace/openhpc-compute-8/worker-kfl0w98g', purging
distributed.diskutils - INFO - Found stale lock file and directory '/mnt/storage-ssd/tim/dask-workspace/openhpc-compute-8/worker-z_fbzso9', purging
distributed.diskutils - INFO - Found stale lock file and directory '/mnt/storage-ssd/tim/dask-workspace/openhpc-compute-8/worker-bxnpoksw', purging
distributed.diskutils - INFO - Found stale lock file and directory '/mnt/storage-ssd/tim/dask-workspace/openhpc-compute-8/worker-axtnn7dh', purging
distributed.diskutils - INFO - Found stale lock file and directory '/mnt/storage-ssd/tim/dask-workspace/openhpc-compute-8/worker-b_8souy9', purging
distributed.diskutils - INFO - Found stale lock file and directory '/mnt/storage-ssd/tim/dask-workspace/openhpc-compute-8/worker-7i77d5i5', purging
distributed.diskutils - INFO - Found stale lock file and directory '/mnt/storage-ssd/tim/dask-workspace/openhpc-compute-8/worker-38_1qu3i', purging
distributed.diskutils - INFO - Found stale lock file and directory '/mnt/storage-ssd/tim/dask-workspace/openhpc-compute-8/worker-lxxr115v', purging
distributed.diskutils - INFO - Found stale lock file and directory '/mnt/storage-ssd/tim/dask-workspace/openhpc-compute-8/worker-g6sd4g_6', purging
distributed.scheduler - INFO -   Scheduler at:   tcp://10.60.253.23:8786
distributed.scheduler - INFO -   dashboard at:                     :8787
distributed.worker - INFO -       Start worker at:       tcp://10.3.0.5:42557
distributed.worker - INFO -          Listening to:       tcp://10.3.0.5:42557
distributed.worker - INFO -          dashboard at:             10.3.0.5:44146
distributed.worker - INFO - Waiting to connect to: tcp://openhpc-compute-3:8786
distributed.worker - INFO - -------------------------------------------------
distributed.worker - INFO -               Threads:                          1
distributed.worker - INFO -                Memory:                  134.90 GB
distributed.worker - INFO -       Local Directory: /mnt/storage-ssd/tim/dask-workspace/openhpc-compute-3/worker-7fz1z7bq
distributed.worker - INFO - -------------------------------------------------
distributed.scheduler - INFO - Register tcp://10.3.0.5:42557
distributed.scheduler - INFO - Starting worker compute stream, tcp://10.3.0.5:42557
distributed.worker - INFO -         Registered to: tcp://openhpc-compute-3:8786
distributed.worker - INFO - -------------------------------------------------
distributed.core - INFO - Starting established connection
distributed.core - INFO - Starting established connection
distributed.nanny - INFO -         Start Nanny at: 'tcp://10.3.0.17:36006'
distributed.diskutils - INFO - Found stale lock file and directory '/mnt/storage-ssd/tim/dask-workspace/openhpc-compute-10/worker-c30iisqd', purging
distributed.diskutils - INFO - Found stale lock file and directory '/mnt/storage-ssd/tim/dask-workspace/openhpc-compute-10/worker-sj7bnzup', purging
distributed.diskutils - INFO - Found stale lock file and directory '/mnt/storage-ssd/tim/dask-workspace/openhpc-compute-10/worker-8oo0gj_o', purging
distributed.diskutils - INFO - Found stale lock file and directory '/mnt/storage-ssd/tim/dask-workspace/openhpc-compute-10/worker-8gph7r7f', purging
distributed.diskutils - INFO - Found stale lock file and directory '/mnt/storage-ssd/tim/dask-workspace/openhpc-compute-10/worker-ozss_k9c', purging
distributed.diskutils - INFO - Found stale lock file and directory '/mnt/storage-ssd/tim/dask-workspace/openhpc-compute-10/worker-mre44hgp', purging
distributed.diskutils - INFO - Found stale lock file and directory '/mnt/storage-ssd/tim/dask-workspace/openhpc-compute-10/worker-o5zjic1t', purging
distributed.diskutils - INFO - Found stale lock file and directory '/mnt/storage-ssd/tim/dask-workspace/openhpc-compute-10/worker-gqkrm5z8', purging
distributed.diskutils - INFO - Found stale lock file and directory '/mnt/storage-ssd/tim/dask-workspace/openhpc-compute-10/worker-zx8k8ef7', purging
distributed.diskutils - INFO - Found stale lock file and directory '/mnt/storage-ssd/tim/dask-workspace/openhpc-compute-10/worker-4acy6f8l', purging
distributed.diskutils - INFO - Found stale lock file and directory '/mnt/storage-ssd/tim/dask-workspace/openhpc-compute-10/worker-ecn45f3l', purging
distributed.diskutils - INFO - Found stale lock file and directory '/mnt/storage-ssd/tim/dask-workspace/openhpc-compute-10/worker-m35za8fq', purging
distributed.diskutils - INFO - Found stale lock file and directory '/mnt/storage-ssd/tim/dask-workspace/openhpc-compute-10/worker-bbfndb9x', purging
distributed.diskutils - INFO - Found stale lock file and directory '/mnt/storage-ssd/tim/dask-workspace/openhpc-compute-10/worker-tdms2v89', purging
distributed.diskutils - INFO - Found stale lock file and directory '/mnt/storage-ssd/tim/dask-workspace/openhpc-compute-10/worker-h_t90ipt', purging
distributed.diskutils - INFO - Found stale lock file and directory '/mnt/storage-ssd/tim/dask-workspace/openhpc-compute-10/worker-kwda1a2r', purging
distributed.diskutils - INFO - Found stale lock file and directory '/mnt/storage-ssd/tim/dask-workspace/openhpc-compute-10/worker-pouo0i5v', purging
distributed.diskutils - INFO - Found stale lock file and directory '/mnt/storage-ssd/tim/dask-workspace/openhpc-compute-10/worker-jbgf81do', purging
distributed.diskutils - INFO - Found stale lock file and directory '/mnt/storage-ssd/tim/dask-workspace/openhpc-compute-10/worker-iel8zi0t', purging
distributed.diskutils - INFO - Found stale lock file and directory '/mnt/storage-ssd/tim/dask-workspace/openhpc-compute-10/worker-5pp3c1by', purging
distributed.diskutils - INFO - Found stale lock file and directory '/mnt/storage-ssd/tim/dask-workspace/openhpc-compute-10/worker-jso0f0_h', purging
distributed.diskutils - INFO - Found stale lock file and directory '/mnt/storage-ssd/tim/dask-workspace/openhpc-compute-10/worker-tw6_3ozy', purging
distributed.diskutils - INFO - Found stale lock file and directory '/mnt/storage-ssd/tim/dask-workspace/openhpc-compute-10/worker-vwqg3wyk', purging
distributed.diskutils - INFO - Found stale lock file and directory '/mnt/storage-ssd/tim/dask-workspace/openhpc-compute-10/worker-9tf9d27z', purging
distributed.diskutils - INFO - Found stale lock file and directory '/mnt/storage-ssd/tim/dask-workspace/openhpc-compute-10/worker-bw4i5jm_', purging
distributed.diskutils - INFO - Found stale lock file and directory '/mnt/storage-ssd/tim/dask-workspace/openhpc-compute-10/worker-jft8jf5b', purging
distributed.diskutils - INFO - Found stale lock file and directory '/mnt/storage-ssd/tim/dask-workspace/openhpc-compute-10/worker-dw1d0swz', purging
distributed.diskutils - INFO - Found stale lock file and directory '/mnt/storage-ssd/tim/dask-workspace/openhpc-compute-10/worker-o9fhvylc', purging
distributed.diskutils - INFO - Found stale lock file and directory '/mnt/storage-ssd/tim/dask-workspace/openhpc-compute-10/worker-nuv7w6oh', purging
distributed.diskutils - INFO - Found stale lock file and directory '/mnt/storage-ssd/tim/dask-workspace/openhpc-compute-10/worker-wnjsbsx8', purging
distributed.diskutils - INFO - Found stale lock file and directory '/mnt/storage-ssd/tim/dask-workspace/openhpc-compute-10/worker-j2qhked8', purging
distributed.diskutils - INFO - Found stale lock file and directory '/mnt/storage-ssd/tim/dask-workspace/openhpc-compute-10/worker-d19wn9_g', purging
distributed.nanny - INFO -         Start Nanny at: 'tcp://10.3.0.8:40717'
distributed.diskutils - INFO - Found stale lock file and directory '/mnt/storage-ssd/tim/dask-workspace/openhpc-compute-7/worker-h5sap_6o', purging
distributed.diskutils - INFO - Found stale lock file and directory '/mnt/storage-ssd/tim/dask-workspace/openhpc-compute-7/worker-cle6kb3l', purging
distributed.diskutils - INFO - Found stale lock file and directory '/mnt/storage-ssd/tim/dask-workspace/openhpc-compute-7/worker-n_bncq3z', purging
distributed.diskutils - INFO - Found stale lock file and directory '/mnt/storage-ssd/tim/dask-workspace/openhpc-compute-7/worker-ar_qg9kw', purging
distributed.diskutils - INFO - Found stale lock file and directory '/mnt/storage-ssd/tim/dask-workspace/openhpc-compute-7/worker-8zgv28f4', purging
distributed.diskutils - INFO - Found stale lock file and directory '/mnt/storage-ssd/tim/dask-workspace/openhpc-compute-7/worker-citwco_8', purging
distributed.diskutils - INFO - Found stale lock file and directory '/mnt/storage-ssd/tim/dask-workspace/openhpc-compute-7/worker-m_o7mnep', purging
distributed.diskutils - INFO - Found stale lock file and directory '/mnt/storage-ssd/tim/dask-workspace/openhpc-compute-7/worker-u_n8us0l', purging
distributed.diskutils - INFO - Found stale lock file and directory '/mnt/storage-ssd/tim/dask-workspace/openhpc-compute-7/worker-36ypt713', purging
distributed.diskutils - INFO - Found stale lock file and directory '/mnt/storage-ssd/tim/dask-workspace/openhpc-compute-7/worker-f915b_mu', purging
distributed.diskutils - INFO - Found stale lock file and directory '/mnt/storage-ssd/tim/dask-workspace/openhpc-compute-7/worker-qhsw5qkx', purging
distributed.diskutils - INFO - Found stale lock file and directory '/mnt/storage-ssd/tim/dask-workspace/openhpc-compute-7/worker-0xi3qzw8', purging
distributed.diskutils - INFO - Found stale lock file and directory '/mnt/storage-ssd/tim/dask-workspace/openhpc-compute-7/worker-cqf0g8wf', purging
distributed.diskutils - INFO - Found stale lock file and directory '/mnt/storage-ssd/tim/dask-workspace/openhpc-compute-7/worker-4gxrvhcz', purging
distributed.diskutils - INFO - Found stale lock file and directory '/mnt/storage-ssd/tim/dask-workspace/openhpc-compute-7/worker-axzb3vj3', purging
distributed.diskutils - INFO - Found stale lock file and directory '/mnt/storage-ssd/tim/dask-workspace/openhpc-compute-7/worker-wjtdhw3i', purging
distributed.diskutils - INFO - Found stale lock file and directory '/mnt/storage-ssd/tim/dask-workspace/openhpc-compute-7/worker-g5zdwp95', purging
distributed.diskutils - INFO - Found stale lock file and directory '/mnt/storage-ssd/tim/dask-workspace/openhpc-compute-7/worker-p4ukrb8i', purging
distributed.diskutils - INFO - Found stale lock file and directory '/mnt/storage-ssd/tim/dask-workspace/openhpc-compute-7/worker-whdhcmk_', purging
distributed.diskutils - INFO - Found stale lock file and directory '/mnt/storage-ssd/tim/dask-workspace/openhpc-compute-7/worker-mk0vfwoi', purging
distributed.diskutils - INFO - Found stale lock file and directory '/mnt/storage-ssd/tim/dask-workspace/openhpc-compute-7/worker-08t0pruv', purging
distributed.diskutils - INFO - Found stale lock file and directory '/mnt/storage-ssd/tim/dask-workspace/openhpc-compute-7/worker-7dg5kj9k', purging
distributed.diskutils - INFO - Found stale lock file and directory '/mnt/storage-ssd/tim/dask-workspace/openhpc-compute-7/worker-gupvffpi', purging
distributed.diskutils - INFO - Found stale lock file and directory '/mnt/storage-ssd/tim/dask-workspace/openhpc-compute-7/worker-rg2l2j1p', purging
distributed.diskutils - INFO - Found stale lock file and directory '/mnt/storage-ssd/tim/dask-workspace/openhpc-compute-7/worker-o7ue0p84', purging
distributed.diskutils - INFO - Found stale lock file and directory '/mnt/storage-ssd/tim/dask-workspace/openhpc-compute-7/worker-kc73bc5e', purging
distributed.diskutils - INFO - Found stale lock file and directory '/mnt/storage-ssd/tim/dask-workspace/openhpc-compute-7/worker-cj3lacp2', purging
distributed.diskutils - INFO - Found stale lock file and directory '/mnt/storage-ssd/tim/dask-workspace/openhpc-compute-7/worker-k2y172ht', purging
distributed.diskutils - INFO - Found stale lock file and directory '/mnt/storage-ssd/tim/dask-workspace/openhpc-compute-7/worker-nggye5w8', purging
distributed.diskutils - INFO - Found stale lock file and directory '/mnt/storage-ssd/tim/dask-workspace/openhpc-compute-7/worker-5as2g4f0', purging
distributed.diskutils - INFO - Found stale lock file and directory '/mnt/storage-ssd/tim/dask-workspace/openhpc-compute-7/worker-x9rcs6xk', purging
distributed.diskutils - INFO - Found stale lock file and directory '/mnt/storage-ssd/tim/dask-workspace/openhpc-compute-7/worker-nlipa705', purging
distributed.worker - INFO -       Start worker at:      tcp://10.3.0.24:44361
distributed.worker - INFO -          Listening to:      tcp://10.3.0.24:44361
distributed.worker - INFO -       Start worker at:      tcp://10.3.0.15:39664
distributed.worker - INFO -          Listening to:      tcp://10.3.0.15:39664
distributed.worker - INFO -          dashboard at:            10.3.0.24:46690
distributed.worker - INFO - Waiting to connect to: tcp://openhpc-compute-3:8786
distributed.worker - INFO - -------------------------------------------------
distributed.worker - INFO -               Threads:                          1
distributed.worker - INFO -                Memory:                  134.90 GB
distributed.worker - INFO -       Local Directory: /mnt/storage-ssd/tim/dask-workspace/openhpc-compute-9/worker-xrwfhdqo
distributed.worker - INFO -          dashboard at:            10.3.0.15:45851
distributed.worker - INFO - -------------------------------------------------
distributed.worker - INFO - Waiting to connect to: tcp://openhpc-compute-3:8786
distributed.worker - INFO - -------------------------------------------------
distributed.worker - INFO -               Threads:                          1
distributed.worker - INFO -                Memory:                  134.90 GB
distributed.worker - INFO -       Local Directory: /mnt/storage-ssd/tim/dask-workspace/openhpc-compute-6/worker-ycpegum8
distributed.worker - INFO - -------------------------------------------------
distributed.scheduler - INFO - Register tcp://10.3.0.24:44361
distributed.worker - INFO -         Registered to: tcp://openhpc-compute-3:8786
distributed.worker - INFO - -------------------------------------------------
distributed.scheduler - INFO - Register tcp://10.3.0.15:39664
distributed.core - INFO - Starting established connection
distributed.scheduler - INFO - Starting worker compute stream, tcp://10.3.0.24:44361
distributed.core - INFO - Starting established connection
distributed.worker - INFO -         Registered to: tcp://openhpc-compute-3:8786
distributed.scheduler - INFO - Starting worker compute stream, tcp://10.3.0.15:39664
distributed.core - INFO - Starting established connection
distributed.worker - INFO - -------------------------------------------------
distributed.core - INFO - Starting established connection
distributed.worker - INFO -       Start worker at:       tcp://10.3.0.1:34634
distributed.worker - INFO -          Listening to:       tcp://10.3.0.1:34634
distributed.worker - INFO -          dashboard at:             10.3.0.1:42056
distributed.worker - INFO - Waiting to connect to: tcp://openhpc-compute-3:8786
distributed.worker - INFO - -------------------------------------------------
distributed.worker - INFO -               Threads:                          1
distributed.worker - INFO -                Memory:                  134.90 GB
distributed.worker - INFO -       Local Directory: /mnt/storage-ssd/tim/dask-workspace/openhpc-compute-5/worker-sd3zjogm
distributed.worker - INFO - -------------------------------------------------
distributed.scheduler - INFO - Register tcp://10.3.0.1:34634
distributed.scheduler - INFO - Starting worker compute stream, tcp://10.3.0.1:34634
distributed.core - INFO - Starting established connection
distributed.worker - INFO -         Registered to: tcp://openhpc-compute-3:8786
distributed.worker - INFO - -------------------------------------------------
distributed.core - INFO - Starting established connection
distributed.worker - INFO -       Start worker at:      tcp://10.3.0.17:33777
distributed.worker - INFO -          Listening to:      tcp://10.3.0.17:33777
distributed.worker - INFO -          dashboard at:            10.3.0.17:45770
distributed.worker - INFO - Waiting to connect to: tcp://openhpc-compute-3:8786
distributed.worker - INFO - -------------------------------------------------
distributed.worker - INFO -               Threads:                          1
distributed.worker - INFO -                Memory:                  134.90 GB
distributed.worker - INFO -       Local Directory: /mnt/storage-ssd/tim/dask-workspace/openhpc-compute-10/worker-sgwka9k2
distributed.worker - INFO - -------------------------------------------------
distributed.scheduler - INFO - Register tcp://10.3.0.17:33777
distributed.scheduler - INFO - Starting worker compute stream, tcp://10.3.0.17:33777
distributed.core - INFO - Starting established connection
distributed.worker - INFO -         Registered to: tcp://openhpc-compute-3:8786
distributed.worker - INFO - -------------------------------------------------
distributed.core - INFO - Starting established connection
distributed.worker - INFO -       Start worker at:      tcp://10.3.0.25:40283
distributed.worker - INFO -          Listening to:      tcp://10.3.0.25:40283
distributed.worker - INFO -          dashboard at:            10.3.0.25:42869
distributed.worker - INFO - Waiting to connect to: tcp://openhpc-compute-3:8786
distributed.worker - INFO - -------------------------------------------------
distributed.worker - INFO -               Threads:                          1
distributed.worker - INFO -                Memory:                  134.90 GB
distributed.worker - INFO -       Local Directory: /mnt/storage-ssd/tim/dask-workspace/openhpc-compute-8/worker-plkq04nv
distributed.worker - INFO - -------------------------------------------------
distributed.scheduler - INFO - Register tcp://10.3.0.25:40283
distributed.scheduler - INFO - Starting worker compute stream, tcp://10.3.0.25:40283
distributed.worker - INFO -         Registered to: tcp://openhpc-compute-3:8786
distributed.worker - INFO - -------------------------------------------------
distributed.core - INFO - Starting established connection
distributed.core - INFO - Starting established connection
distributed.worker - INFO -       Start worker at:      tcp://10.3.0.10:38715
distributed.worker - INFO -          Listening to:      tcp://10.3.0.10:38715
distributed.worker - INFO -          dashboard at:            10.3.0.10:41461
distributed.worker - INFO - Waiting to connect to: tcp://openhpc-compute-3:8786
distributed.worker - INFO - -------------------------------------------------
distributed.worker - INFO -               Threads:                          1
distributed.worker - INFO -                Memory:                  134.90 GB
distributed.worker - INFO -       Local Directory: /mnt/storage-ssd/tim/dask-workspace/openhpc-compute-4/worker-oxz57pwi
distributed.worker - INFO - -------------------------------------------------
distributed.scheduler - INFO - Register tcp://10.3.0.10:38715
distributed.scheduler - INFO - Starting worker compute stream, tcp://10.3.0.10:38715
distributed.worker - INFO -         Registered to: tcp://openhpc-compute-3:8786
distributed.core - INFO - Starting established connection
distributed.worker - INFO - -------------------------------------------------
distributed.core - INFO - Starting established connection
distributed.worker - INFO -       Start worker at:       tcp://10.3.0.8:46606
distributed.worker - INFO -          Listening to:       tcp://10.3.0.8:46606
distributed.worker - INFO -          dashboard at:             10.3.0.8:41159
distributed.worker - INFO - Waiting to connect to: tcp://openhpc-compute-3:8786
distributed.worker - INFO - -------------------------------------------------
distributed.worker - INFO -               Threads:                          1
distributed.worker - INFO -                Memory:                  134.90 GB
distributed.worker - INFO -       Local Directory: /mnt/storage-ssd/tim/dask-workspace/openhpc-compute-7/worker-q3wy3rcu
distributed.worker - INFO - -------------------------------------------------
distributed.scheduler - INFO - Register tcp://10.3.0.8:46606
distributed.scheduler - INFO - Starting worker compute stream, tcp://10.3.0.8:46606
distributed.core - INFO - Starting established connection
distributed.worker - INFO -         Registered to: tcp://openhpc-compute-3:8786
distributed.worker - INFO - -------------------------------------------------
distributed.core - INFO - Starting established connection
distributed.scheduler - INFO - Receive client connection: Client-405f21ee-fb0b-11e9-9423-246e96489168
distributed.core - INFO - Starting established connection
slurmstepd: error: *** JOB 1614 ON openhpc-compute-3 CANCELLED AT 2019-10-30T11:50:05 ***
Killed by signal 15.
Killed by signal 15.
Killed by signal 15.
Killed by signal 15.
Killed by signal 15.
Killed by signal 15.
Killed by signal 15.
Killed by signal 15.
Killed by signal 15.
