2019-Aug-22 16:28:47.921209 
2019-Aug-22 16:28:47.921562 WSClean version 2.7.0 (2019-04-19)
2019-Aug-22 16:28:47.921570 This software package is released under the GPL version 3.
2019-Aug-22 16:28:47.921572 Author: André Offringa (offringa@gmail.com).
2019-Aug-22 16:28:47.921575 
2019-Aug-22 16:28:47.991422 No corrected data in first measurement set: tasks will be applied on the data column.
2019-Aug-22 16:28:48.047704 === IMAGING TABLE ===
2019-Aug-22 16:28:48.047712        # Pol Ch JG ²G In Freq(MHz)
2019-Aug-22 16:28:48.047715 | Independent group:
2019-Aug-22 16:28:48.047720 +-+-J- 0 XX   0  0  0  0  132-148 (160)
2019-Aug-22 16:28:48.047749 
2019-Aug-22 16:28:48.094151 WARNING: This measurement set has no or an invalid WEIGHT_SPECTRUM column; will use less informative WEIGHT column.
2019-Aug-22 16:28:48.184209 Reordering ../GLEAM_A-team_EoR0_no_errors.ms into 1 x 1 parts.
2019-Aug-22 16:28:48.184847 Reordering: 0%....10%....20%....30%....40%....50%....60%....70%....80%....90%....100%
2019-Aug-22 16:34:24.406826 Initializing model visibilities: 0%....10%....20%....30%....40%....50%....60%....70%....80%....90%....100%
2019-Aug-22 16:36:25.299801 Detected 503.6 GB of system memory, usage not limited.
2019-Aug-22 16:36:25.299883  == Constructing PSF ==
2019-Aug-22 16:36:25.301253 Opening reordered part 0 spw 0 for ../GLEAM_A-team_EoR0_no_errors.ms
2019-Aug-22 16:36:25.303346 Precalculating weights for uniform weighting... DONE
2019-Aug-22 16:40:17.953710 Determining min and max w & theoretical beam size... DONE (w=[4.90028e-07:20547.3] lambdas, maxuvw=32270.9 lambda)
2019-Aug-22 16:41:03.950046 Theoretic beam = 6.39''
2019-Aug-22 16:41:03.950057 Minimal inversion size: 13518 x 13518, using optimal: 13608 x 13608
2019-Aug-22 16:41:03.950066 Suggested number of w-layers: 987
2019-Aug-22 16:41:03.951095 WARNING: the amount of available memory is too low for the image size,
2019-Aug-22 16:41:03.951106        : not all cores might be used.
2019-Aug-22 16:41:03.951109        : nr buffers avail for FFT: 30 remaining mem: 156.3 GB 
2019-Aug-22 16:41:15.568923 Will process 51/987 w-layers per pass.
2019-Aug-22 16:41:15.568960 Gridding pass 0... 
2019-Aug-22 16:53:42.095248 Rows that were required: 34425915/0
2019-Aug-22 16:53:42.099469 Fourier transforms...
2019-Aug-22 16:54:38.817429 Gridding pass 1... 
2019-Aug-22 16:58:39.043995 Rows that were required: 6700412/0
2019-Aug-22 16:58:39.053242 Fourier transforms...
2019-Aug-22 16:59:36.284498 Gridding pass 2... 
2019-Aug-22 17:02:30.837268 Rows that were required: 3637409/0
2019-Aug-22 17:02:30.845808 Fourier transforms...
2019-Aug-22 17:03:27.959164 Gridding pass 3... 
2019-Aug-22 17:05:46.649183 Rows that were required: 2192261/0
2019-Aug-22 17:05:46.658164 Fourier transforms...
2019-Aug-22 17:06:44.312960 Gridding pass 4... 
2019-Aug-22 17:08:50.389425 Rows that were required: 1579620/0
2019-Aug-22 17:08:50.398307 Fourier transforms...
2019-Aug-22 17:09:47.600916 Gridding pass 5... 
2019-Aug-22 17:11:43.876958 Rows that were required: 1166245/0
2019-Aug-22 17:11:43.886754 Fourier transforms...
2019-Aug-22 17:12:41.174501 Gridding pass 6... 
2019-Aug-22 17:14:24.393399 Rows that were required: 820654/0
2019-Aug-22 17:14:24.411303 Fourier transforms...
2019-Aug-22 17:15:21.840535 Gridding pass 7... 
2019-Aug-22 17:16:55.207146 Rows that were required: 521974/0
2019-Aug-22 17:16:55.224982 Fourier transforms...
2019-Aug-22 17:17:53.133930 Gridding pass 8... 
2019-Aug-22 17:19:18.663683 Rows that were required: 333264/0
2019-Aug-22 17:19:18.681651 Fourier transforms...
2019-Aug-22 17:20:16.925837 Gridding pass 9... 
2019-Aug-22 17:21:36.593094 Rows that were required: 200327/0
2019-Aug-22 17:21:36.610964 Fourier transforms...
2019-Aug-22 17:22:34.917273 Gridding pass 10... 
2019-Aug-22 17:23:51.485955 Rows that were required: 92996/0
2019-Aug-22 17:23:51.503840 Fourier transforms...
2019-Aug-22 17:24:49.669256 Gridding pass 11... 
2019-Aug-22 17:26:01.638372 Rows that were required: 38078/0
2019-Aug-22 17:26:01.657335 Fourier transforms...
2019-Aug-22 17:26:59.918540 Gridding pass 12... 
2019-Aug-22 17:28:11.652622 Rows that were required: 23991/0
2019-Aug-22 17:28:11.670755 Fourier transforms...
2019-Aug-22 17:29:09.969971 Gridding pass 13... 
2019-Aug-22 17:30:22.169108 Rows that were required: 15214/0
2019-Aug-22 17:30:22.187001 Fourier transforms...
2019-Aug-22 17:31:21.000570 Gridding pass 14... 
2019-Aug-22 17:32:32.480645 Rows that were required: 8997/0
2019-Aug-22 17:32:32.489442 Fourier transforms...
2019-Aug-22 17:33:30.776412 Gridding pass 15... 
2019-Aug-22 17:34:42.480399 Rows that were required: 5252/0
2019-Aug-22 17:34:42.498391 Fourier transforms...
2019-Aug-22 17:35:41.057446 Gridding pass 16... 
2019-Aug-22 17:36:54.435745 Rows that were required: 2766/0
2019-Aug-22 17:36:54.452458 Fourier transforms...
2019-Aug-22 17:37:52.818460 Gridding pass 17... 
2019-Aug-22 17:39:04.671156 Rows that were required: 1330/0
2019-Aug-22 17:39:04.688738 Fourier transforms...
2019-Aug-22 17:40:03.201824 Gridding pass 18... 
2019-Aug-22 17:41:17.220830 Rows that were required: 469/0
2019-Aug-22 17:41:17.238790 Fourier transforms...
2019-Aug-22 17:42:27.684116 Gridded visibility count: 7.535e+09
2019-Aug-22 17:42:57.089328 Fitting beam... major=5.11'', minor=4.59'', PA=54.09 deg, theoretical=6.39''.
2019-Aug-22 17:42:57.098224 Writing psf image... DONE
2019-Aug-22 17:43:00.324810  == Constructing image ==
2019-Aug-22 17:43:00.325317 Opening reordered part 0 spw 0 for ../GLEAM_A-team_EoR0_no_errors.ms
2019-Aug-22 17:43:00.383993 Theoretic beam = 6.39''
2019-Aug-22 17:43:00.384015 Minimal inversion size: 13518 x 13518, using optimal: 13608 x 13608
2019-Aug-22 17:43:00.387891 WARNING: the amount of available memory is too low for the image size,
2019-Aug-22 17:43:00.387905        : not all cores might be used.
2019-Aug-22 17:43:00.387907        : nr buffers avail for FFT: 30 remaining mem: 156.3 GB 
2019-Aug-22 17:43:12.217368 Will process 51/987 w-layers per pass.
2019-Aug-22 17:43:12.217425 Gridding pass 0... Fourier transforms...
2019-Aug-22 17:57:07.303615 Gridding pass 1... Fourier transforms...
2019-Aug-22 18:02:40.672584 Gridding pass 2... Fourier transforms...
2019-Aug-22 18:07:00.471024 Gridding pass 3... Fourier transforms...
2019-Aug-22 18:10:43.122450 Gridding pass 4... Fourier transforms...
2019-Aug-22 18:14:09.967876 Gridding pass 5... Fourier transforms...
2019-Aug-22 18:17:18.265352 Gridding pass 6... Fourier transforms...
2019-Aug-22 18:20:12.199967 Gridding pass 7... Fourier transforms...
2019-Aug-22 18:22:50.730583 Gridding pass 8... Fourier transforms...
2019-Aug-22 18:25:19.844723 Gridding pass 9... Fourier transforms...
2019-Aug-22 18:27:40.218042 Gridding pass 10... Fourier transforms...
2019-Aug-22 18:29:54.097745 Gridding pass 11... Fourier transforms...
2019-Aug-22 18:32:05.148839 Gridding pass 12... Fourier transforms...
2019-Aug-22 18:34:16.103262 Gridding pass 13... Fourier transforms...
2019-Aug-22 18:36:28.195648 Gridding pass 14... Fourier transforms...
2019-Aug-22 18:38:39.876378 Gridding pass 15... Fourier transforms...
2019-Aug-22 18:40:51.908289 Gridding pass 16... Fourier transforms...
2019-Aug-22 18:43:02.294161 Gridding pass 17... Fourier transforms...
2019-Aug-22 18:45:10.898833 Gridding pass 18... Fourier transforms...
2019-Aug-22 18:47:32.024312 Gridded visibility count: 7.535e+09
2019-Aug-22 18:48:03.793139 Writing dirty image...
2019-Aug-22 18:48:07.048506  == Cleaning (1) ==
2019-Aug-22 18:48:20.263656 Estimated standard deviation of background noise: 201.84 µJy
2019-Aug-22 18:48:22.962880 Initial peak: 1.42 Jy at 9896,9461
2019-Aug-22 18:48:22.962921 Next major iteration at: 283.18 mJy
2019-Aug-22 18:48:24.692967 Performed 72 iterations in total, 72 in this major iteration with Clark optimization.
2019-Aug-22 18:49:14.881250 Stopped on peak 282.36 mJy, because the minor-loop threshold was reached. Continuing cleaning after inversion/prediction round.
2019-Aug-22 18:49:15.721591  == Converting model image to visibilities ==
2019-Aug-22 18:49:16.150697 Opening reordered part 0 spw 0 for ../GLEAM_A-team_EoR0_no_errors.ms
2019-Aug-22 18:49:16.211453 Theoretic beam = 6.39''
2019-Aug-22 18:49:16.211462 Minimal inversion size: 13518 x 13518, using optimal: 13608 x 13608
2019-Aug-22 18:49:16.216026 WARNING: the amount of available memory is too low for the image size,
2019-Aug-22 18:49:16.216033        : not all cores might be used.
2019-Aug-22 18:49:16.216036        : nr buffers avail for FFT: 30 remaining mem: 156.3 GB 
2019-Aug-22 18:49:27.983309 Will process 51/987 w-layers per pass.
2019-Aug-22 18:49:53.151003 Fourier transforms for pass 0... Predicting...
2019-Aug-22 18:54:53.028538 Fourier transforms for pass 1... Predicting...
2019-Aug-22 18:56:52.299586 Fourier transforms for pass 2... Predicting...
2019-Aug-22 18:58:51.046243 Fourier transforms for pass 3... Predicting...
2019-Aug-22 19:00:44.949243 Fourier transforms for pass 4... Predicting...
2019-Aug-22 19:02:35.380940 Fourier transforms for pass 5... Predicting...
2019-Aug-22 19:04:28.035204 Fourier transforms for pass 6... Predicting...
2019-Aug-22 19:06:18.501361 Fourier transforms for pass 7... Predicting...
2019-Aug-22 19:08:08.462429 Fourier transforms for pass 8... Predicting...
2019-Aug-22 19:09:59.226397 Fourier transforms for pass 9... Predicting...
2019-Aug-22 19:11:47.366803 Fourier transforms for pass 10... Predicting...
2019-Aug-22 19:13:35.435059 Fourier transforms for pass 11... Predicting...
2019-Aug-22 19:15:23.197605 Fourier transforms for pass 12... Predicting...
2019-Aug-22 19:17:10.766653 Fourier transforms for pass 13... Predicting...
2019-Aug-22 19:18:59.103195 Fourier transforms for pass 14... Predicting...
2019-Aug-22 19:20:46.588701 Fourier transforms for pass 15... Predicting...
2019-Aug-22 19:22:33.937538 Fourier transforms for pass 16... Predicting...
2019-Aug-22 19:24:21.881554 Fourier transforms for pass 17... Predicting...
2019-Aug-22 19:26:09.071247 Fourier transforms for pass 18... Predicting...
2019-Aug-22 19:27:58.504719  == Constructing image ==
2019-Aug-22 19:27:58.505511 Opening reordered part 0 spw 0 for ../GLEAM_A-team_EoR0_no_errors.ms
2019-Aug-22 19:28:03.486524 Theoretic beam = 6.39''
2019-Aug-22 19:28:03.486538 Minimal inversion size: 13518 x 13518, using optimal: 13608 x 13608
2019-Aug-22 19:28:03.490437 WARNING: the amount of available memory is too low for the image size,
2019-Aug-22 19:28:03.490447        : not all cores might be used.
2019-Aug-22 19:28:03.490449        : nr buffers avail for FFT: 30 remaining mem: 156.3 GB 
2019-Aug-22 19:28:08.786636 Will process 51/987 w-layers per pass.
2019-Aug-22 19:28:08.786661 Gridding pass 0... Fourier transforms...
2019-Aug-22 19:43:48.988499 Gridding pass 1... Fourier transforms...
2019-Aug-22 19:49:30.466696 Gridding pass 2... Fourier transforms...
2019-Aug-22 19:54:01.300517 Gridding pass 3... Fourier transforms...
2019-Aug-22 19:57:52.003755 Gridding pass 4... Fourier transforms...
2019-Aug-22 20:01:24.092203 Gridding pass 5... Fourier transforms...
2019-Aug-22 20:04:36.427883 Gridding pass 6... Fourier transforms...
2019-Aug-22 20:07:31.161006 Gridding pass 7... Fourier transforms...
2019-Aug-22 20:10:11.538545 Gridding pass 8... Fourier transforms...
2019-Aug-22 20:12:41.771206 Gridding pass 9... Fourier transforms...
2019-Aug-22 20:15:04.680290 Gridding pass 10... Fourier transforms...
2019-Aug-22 20:17:19.994944 Gridding pass 11... Fourier transforms...
2019-Aug-22 20:19:30.717778 Gridding pass 12... Fourier transforms...
2019-Aug-22 20:21:42.887459 Gridding pass 13... Fourier transforms...
2019-Aug-22 20:23:54.872571 Gridding pass 14... Fourier transforms...
2019-Aug-22 20:26:06.786168 Gridding pass 15... Fourier transforms...
2019-Aug-22 20:28:18.988066 Gridding pass 16... Fourier transforms...
2019-Aug-22 20:30:30.255292 Gridding pass 17... Fourier transforms...
2019-Aug-22 20:32:44.098376 Gridding pass 18... Fourier transforms...
2019-Aug-22 20:35:06.966159 Gridded visibility count: 7.535e+09
2019-Aug-22 20:35:36.462456  == Cleaning (2) ==
2019-Aug-22 20:35:49.797530 Estimated standard deviation of background noise: 180.23 µJy
2019-Aug-22 20:35:52.464998 Initial peak: 282.29 mJy at 8405,11009
2019-Aug-22 20:35:52.465020 Next major iteration at: 56.46 mJy
2019-Aug-22 20:35:54.165728 Performed 1254 iterations in total, 1182 in this major iteration with Clark optimization.
2019-Aug-22 20:36:44.548227 Stopped on peak 56.39 mJy, because the minor-loop threshold was reached. Continuing cleaning after inversion/prediction round.
2019-Aug-22 20:36:45.389154  == Converting model image to visibilities ==
2019-Aug-22 20:36:45.817492 Opening reordered part 0 spw 0 for ../GLEAM_A-team_EoR0_no_errors.ms
2019-Aug-22 20:36:45.873799 Theoretic beam = 6.39''
2019-Aug-22 20:36:45.873808 Minimal inversion size: 13518 x 13518, using optimal: 13608 x 13608
2019-Aug-22 20:36:45.877673 WARNING: the amount of available memory is too low for the image size,
2019-Aug-22 20:36:45.877679        : not all cores might be used.
2019-Aug-22 20:36:45.877682        : nr buffers avail for FFT: 30 remaining mem: 156.3 GB 
2019-Aug-22 20:36:57.695761 Will process 51/987 w-layers per pass.
2019-Aug-22 20:37:22.884988 Fourier transforms for pass 0... Predicting...
2019-Aug-22 20:40:13.225959 Fourier transforms for pass 1... Predicting...
2019-Aug-22 20:42:17.542351 Fourier transforms for pass 2... Predicting...
2019-Aug-22 20:44:13.528072 Fourier transforms for pass 3... Predicting...
2019-Aug-22 20:46:08.722354 Fourier transforms for pass 4... Predicting...
2019-Aug-22 20:48:02.500492 Fourier transforms for pass 5... Predicting...
2019-Aug-22 20:49:54.161994 Fourier transforms for pass 6... Predicting...
2019-Aug-22 20:51:45.949504 Fourier transforms for pass 7... Predicting...
2019-Aug-22 20:53:38.804160 Fourier transforms for pass 8... Predicting...
2019-Aug-22 20:55:30.120470 Fourier transforms for pass 9... Predicting...
2019-Aug-22 20:57:18.451176 Fourier transforms for pass 10... Predicting...
2019-Aug-22 20:59:07.279634 Fourier transforms for pass 11... Predicting...
2019-Aug-22 21:00:55.105956 Fourier transforms for pass 12... Predicting...
2019-Aug-22 21:02:44.560542 Fourier transforms for pass 13... Predicting...
2019-Aug-22 21:04:33.409239 Fourier transforms for pass 14... Predicting...
2019-Aug-22 21:06:23.122427 Fourier transforms for pass 15... Predicting...
2019-Aug-22 21:08:12.105350 Fourier transforms for pass 16... Predicting...
2019-Aug-22 21:09:59.328101 Fourier transforms for pass 17... Predicting...
2019-Aug-22 21:11:47.373244 Fourier transforms for pass 18... Predicting...
2019-Aug-22 21:13:37.813804  == Constructing image ==
2019-Aug-22 21:13:37.815052 Opening reordered part 0 spw 0 for ../GLEAM_A-team_EoR0_no_errors.ms
2019-Aug-22 21:13:42.902344 Theoretic beam = 6.39''
2019-Aug-22 21:13:42.902357 Minimal inversion size: 13518 x 13518, using optimal: 13608 x 13608
2019-Aug-22 21:13:42.906491 WARNING: the amount of available memory is too low for the image size,
2019-Aug-22 21:13:42.906500        : not all cores might be used.
2019-Aug-22 21:13:42.906502        : nr buffers avail for FFT: 30 remaining mem: 156.3 GB 
2019-Aug-22 21:13:48.255785 Will process 51/987 w-layers per pass.
2019-Aug-22 21:13:48.255811 Gridding pass 0... Fourier transforms...
2019-Aug-22 21:29:35.617632 Gridding pass 1... Fourier transforms...
2019-Aug-22 21:35:24.364840 Gridding pass 2... Fourier transforms...
2019-Aug-22 21:39:57.862726 Gridding pass 3... Fourier transforms...
2019-Aug-22 21:43:50.982109 Gridding pass 4... Fourier transforms...
2019-Aug-22 21:47:25.259693 Gridding pass 5... Fourier transforms...
2019-Aug-22 21:50:40.874885 Gridding pass 6... Fourier transforms...
2019-Aug-22 21:53:39.339405 Gridding pass 7... Fourier transforms...
2019-Aug-22 21:56:23.391642 Gridding pass 8... Fourier transforms...
2019-Aug-22 21:58:55.790614 Gridding pass 9... Fourier transforms...
2019-Aug-22 22:01:24.752257 Gridding pass 10... Fourier transforms...
2019-Aug-22 22:03:43.400002 Gridding pass 11... Fourier transforms...
2019-Aug-22 22:05:56.059889 Gridding pass 12... Fourier transforms...
2019-Aug-22 22:08:14.166740 Gridding pass 13... Fourier transforms...
2019-Aug-22 22:10:28.559497 Gridding pass 14... Fourier transforms...
2019-Aug-22 22:12:40.575713 Gridding pass 15... Fourier transforms...
2019-Aug-22 22:14:55.259989 Gridding pass 16... Fourier transforms...
2019-Aug-22 22:17:09.954631 Gridding pass 17... Fourier transforms...
2019-Aug-22 22:19:23.331931 Gridding pass 18... Fourier transforms...
2019-Aug-22 22:21:49.344086 Gridded visibility count: 7.535e+09
2019-Aug-22 22:22:20.125926  == Cleaning (3) ==
2019-Aug-22 22:22:32.478039 Estimated standard deviation of background noise: 160.19 µJy
2019-Aug-22 22:22:35.151578 Initial peak: 56.55 mJy at 15802,7829
2019-Aug-22 22:22:35.151598 Next major iteration at: 11.31 mJy
2019-Aug-22 22:22:37.233571 Performed 7261 iterations in total, 6007 in this major iteration with Clark optimization.
2019-Aug-22 22:23:27.749904 Stopped on peak -11.31 mJy, because the minor-loop threshold was reached. Continuing cleaning after inversion/prediction round.
2019-Aug-22 22:23:28.589539  == Converting model image to visibilities ==
2019-Aug-22 22:23:29.018576 Opening reordered part 0 spw 0 for ../GLEAM_A-team_EoR0_no_errors.ms
2019-Aug-22 22:23:29.073733 Theoretic beam = 6.39''
2019-Aug-22 22:23:29.073742 Minimal inversion size: 13518 x 13518, using optimal: 13608 x 13608
2019-Aug-22 22:23:29.077739 WARNING: the amount of available memory is too low for the image size,
2019-Aug-22 22:23:29.077746        : not all cores might be used.
2019-Aug-22 22:23:29.077748        : nr buffers avail for FFT: 30 remaining mem: 156.3 GB 
2019-Aug-22 22:23:40.894684 Will process 51/987 w-layers per pass.
2019-Aug-22 22:24:06.209829 Fourier transforms for pass 0... Predicting...
2019-Aug-22 22:26:56.217002 Fourier transforms for pass 1... Predicting...
2019-Aug-22 22:29:00.244743 Fourier transforms for pass 2... Predicting...
2019-Aug-22 22:30:55.657314 Fourier transforms for pass 3... Predicting...
2019-Aug-22 22:32:49.947442 Fourier transforms for pass 4... Predicting...
2019-Aug-22 22:34:44.922344 Fourier transforms for pass 5... Predicting...
2019-Aug-22 22:36:35.709335 Fourier transforms for pass 6... Predicting...
2019-Aug-22 22:38:27.658878 Fourier transforms for pass 7... Predicting...
2019-Aug-22 22:40:18.083426 Fourier transforms for pass 8... Predicting...
2019-Aug-22 22:42:08.401945 Fourier transforms for pass 9... Predicting...
2019-Aug-22 22:43:57.178028 Fourier transforms for pass 10... Predicting...
2019-Aug-22 22:45:48.139773 Fourier transforms for pass 11... Predicting...
2019-Aug-22 22:47:37.211664 Fourier transforms for pass 12... Predicting...
2019-Aug-22 22:49:24.879224 Fourier transforms for pass 13... Predicting...
2019-Aug-22 22:51:13.471243 Fourier transforms for pass 14... Predicting...
2019-Aug-22 22:53:02.428297 Fourier transforms for pass 15... Predicting...
2019-Aug-22 22:54:50.465988 Fourier transforms for pass 16... Predicting...
2019-Aug-22 22:56:37.664691 Fourier transforms for pass 17... Predicting...
2019-Aug-22 22:58:27.186081 Fourier transforms for pass 18... Predicting...
2019-Aug-22 23:00:19.489555  == Constructing image ==
2019-Aug-22 23:00:19.492042 Opening reordered part 0 spw 0 for ../GLEAM_A-team_EoR0_no_errors.ms
2019-Aug-22 23:00:25.060472 Theoretic beam = 6.39''
2019-Aug-22 23:00:25.060498 Minimal inversion size: 13518 x 13518, using optimal: 13608 x 13608
2019-Aug-22 23:00:25.064942 WARNING: the amount of available memory is too low for the image size,
2019-Aug-22 23:00:25.064950        : not all cores might be used.
2019-Aug-22 23:00:25.064953        : nr buffers avail for FFT: 30 remaining mem: 156.3 GB 
2019-Aug-22 23:00:30.399588 Will process 51/987 w-layers per pass.
2019-Aug-22 23:00:30.399614 Gridding pass 0... Fourier transforms...
2019-Aug-22 23:16:21.223366 Gridding pass 1... Fourier transforms...
2019-Aug-22 23:22:06.890405 Gridding pass 2... Fourier transforms...
2019-Aug-22 23:26:40.499148 Gridding pass 3... Fourier transforms...
2019-Aug-22 23:30:30.957292 Gridding pass 4... Fourier transforms...
2019-Aug-22 23:34:00.482968 Gridding pass 5... Fourier transforms...
2019-Aug-22 23:37:16.078214 Gridding pass 6... Fourier transforms...
2019-Aug-22 23:40:16.396609 Gridding pass 7... Fourier transforms...
2019-Aug-22 23:43:00.124761 Gridding pass 8... Fourier transforms...
2019-Aug-22 23:45:31.410813 Gridding pass 9... Fourier transforms...
2019-Aug-22 23:47:56.680437 Gridding pass 10... Fourier transforms...
2019-Aug-22 23:50:13.085107 Gridding pass 11... Fourier transforms...
2019-Aug-22 23:52:27.651548 Gridding pass 12... Fourier transforms...
2019-Aug-22 23:54:43.753253 Gridding pass 13... Fourier transforms...
2019-Aug-22 23:57:02.033138 Gridding pass 14... Fourier transforms...
2019-Aug-22 23:59:21.843765 Gridding pass 15... Fourier transforms...
2019-Aug-23 00:01:34.582935 Gridding pass 16... Fourier transforms...
2019-Aug-23 00:03:49.087404 Gridding pass 17... Fourier transforms...
2019-Aug-23 00:06:02.926431 Gridding pass 18... Fourier transforms...
2019-Aug-23 00:08:31.842671 Gridded visibility count: 7.535e+09
2019-Aug-23 00:09:03.204712  == Cleaning (4) ==
2019-Aug-23 00:09:15.564928 Estimated standard deviation of background noise: 154.34 µJy
2019-Aug-23 00:09:18.276400 Initial peak: 11.46 mJy at 9896,9466
2019-Aug-23 00:09:18.276438 Next major iteration at: 2.29 mJy
2019-Aug-23 00:09:22.291010 Performed 20000 iterations in total, 12739 in this major iteration with Clark optimization.
2019-Aug-23 00:10:12.932503 Stopped on peak 3.33 mJy, because maximum number of iterations was reached.
2019-Aug-23 00:10:13.772671 Writing model image...
2019-Aug-23 00:10:17.472709  == Converting model image to visibilities ==
2019-Aug-23 00:10:17.891765 Opening reordered part 0 spw 0 for ../GLEAM_A-team_EoR0_no_errors.ms
2019-Aug-23 00:10:17.945204 Theoretic beam = 6.39''
2019-Aug-23 00:10:17.945225 Minimal inversion size: 13518 x 13518, using optimal: 13608 x 13608
2019-Aug-23 00:10:17.950746 WARNING: the amount of available memory is too low for the image size,
2019-Aug-23 00:10:17.950752        : not all cores might be used.
2019-Aug-23 00:10:17.950755        : nr buffers avail for FFT: 30 remaining mem: 156.3 GB 
2019-Aug-23 00:10:29.758506 Will process 51/987 w-layers per pass.
2019-Aug-23 00:10:54.909168 Fourier transforms for pass 0... Predicting...
2019-Aug-23 00:13:46.141014 Fourier transforms for pass 1... Predicting...
2019-Aug-23 00:15:49.545807 Fourier transforms for pass 2... Predicting...
2019-Aug-23 00:17:45.204519 Fourier transforms for pass 3... Predicting...
2019-Aug-23 00:19:40.702641 Fourier transforms for pass 4... Predicting...
2019-Aug-23 00:21:33.880621 Fourier transforms for pass 5... Predicting...
2019-Aug-23 00:23:25.015383 Fourier transforms for pass 6... Predicting...
2019-Aug-23 00:25:18.357501 Fourier transforms for pass 7... Predicting...
2019-Aug-23 00:27:08.257933 Fourier transforms for pass 8... Predicting...
2019-Aug-23 00:28:57.087712 Fourier transforms for pass 9... Predicting...
2019-Aug-23 00:30:48.195026 Fourier transforms for pass 10... Predicting...
2019-Aug-23 00:32:37.938492 Fourier transforms for pass 11... Predicting...
2019-Aug-23 00:34:26.258381 Fourier transforms for pass 12... Predicting...
2019-Aug-23 00:36:14.760526 Fourier transforms for pass 13... Predicting...
2019-Aug-23 00:38:04.175485 Fourier transforms for pass 14... Predicting...
2019-Aug-23 00:39:53.036633 Fourier transforms for pass 15... Predicting...
2019-Aug-23 00:41:42.469751 Fourier transforms for pass 16... Predicting...
2019-Aug-23 00:43:31.774955 Fourier transforms for pass 17... Predicting...
2019-Aug-23 00:45:21.009864 Fourier transforms for pass 18... Predicting...
2019-Aug-23 00:47:14.990821  == Constructing image ==
2019-Aug-23 00:47:14.991222 Opening reordered part 0 spw 0 for ../GLEAM_A-team_EoR0_no_errors.ms
2019-Aug-23 00:47:20.191622 Theoretic beam = 6.39''
2019-Aug-23 00:47:20.191636 Minimal inversion size: 13518 x 13518, using optimal: 13608 x 13608
2019-Aug-23 00:47:20.195666 WARNING: the amount of available memory is too low for the image size,
2019-Aug-23 00:47:20.195673        : not all cores might be used.
2019-Aug-23 00:47:20.195675        : nr buffers avail for FFT: 30 remaining mem: 156.3 GB 
2019-Aug-23 00:47:25.599603 Will process 51/987 w-layers per pass.
2019-Aug-23 00:47:25.599632 Gridding pass 0... Fourier transforms...
2019-Aug-23 01:03:15.217047 Gridding pass 1... Fourier transforms...
2019-Aug-23 01:09:04.155814 Gridding pass 2... Fourier transforms...
2019-Aug-23 01:13:37.830033 Gridding pass 3... Fourier transforms...
2019-Aug-23 01:17:26.626762 Gridding pass 4... Fourier transforms...
2019-Aug-23 01:20:59.233205 Gridding pass 5... Fourier transforms...
2019-Aug-23 01:24:12.613630 Gridding pass 6... Fourier transforms...
2019-Aug-23 01:27:12.161557 Gridding pass 7... Fourier transforms...
2019-Aug-23 01:29:55.727735 Gridding pass 8... Fourier transforms...
2019-Aug-23 01:32:27.063649 Gridding pass 9... Fourier transforms...
2019-Aug-23 01:34:50.521820 Gridding pass 10... Fourier transforms...
2019-Aug-23 01:37:08.362572 Gridding pass 11... Fourier transforms...
2019-Aug-23 01:39:22.014507 Gridding pass 12... Fourier transforms...
2019-Aug-23 01:41:39.898973 Gridding pass 13... Fourier transforms...
2019-Aug-23 01:44:02.813393 Gridding pass 14... Fourier transforms...
2019-Aug-23 01:46:18.529769 Gridding pass 15... Fourier transforms...
2019-Aug-23 01:48:29.631848 Gridding pass 16... Fourier transforms...
2019-Aug-23 01:50:40.066141 Gridding pass 17... Fourier transforms...
2019-Aug-23 01:52:51.915769 Gridding pass 18... Fourier transforms...
2019-Aug-23 01:55:18.710780 Gridded visibility count: 7.535e+09
2019-Aug-23 01:55:49.895234 4 major iterations were performed.
2019-Aug-23 01:55:53.806579 Rendering sources to restored image (beam=4.59''-5.11'', PA=54.09 deg)... DONE
2019-Aug-23 01:56:33.955177 Writing restored image... DONE
2019-Aug-23 01:56:37.170724 Image buf alloc stats:
2019-Aug-23 01:56:37.170757          max alloc'd images = 39 real + 112 complex
2019-Aug-23 01:56:37.170774        max allocated chunks = 19
2019-Aug-23 01:56:37.170784       current allocated mem = 74.2 GB 
2019-Aug-23 01:56:37.170812 Inversion: 06:45:12.366993, prediction: 02:29:13.024335, deconvolution: 00:04:36.631386
2019-Aug-23 01:56:37.251994 Adding model data column... DONE
2019-Aug-23 02:02:59.651640 Writing changed model back to ../GLEAM_A-team_EoR0_no_errors.ms:
2019-Aug-23 02:02:59.651669  0%....10%....20%....30%....40%....50%....60%....70%....80%....90%....100%
2019-Aug-23 02:12:34.340183 Cleaning up temporary files...
