2019-Aug-23 02:12:34.696559 
2019-Aug-23 02:12:34.696879 WSClean version 2.7.0 (2019-04-19)
2019-Aug-23 02:12:34.696888 This software package is released under the GPL version 3.
2019-Aug-23 02:12:34.696911 Author: André Offringa (offringa@gmail.com).
2019-Aug-23 02:12:34.696930 
2019-Aug-23 02:12:34.756478 No corrected data in first measurement set: tasks will be applied on the data column.
2019-Aug-23 02:12:34.806722 === IMAGING TABLE ===
2019-Aug-23 02:12:34.806729        # Pol Ch JG ²G In Freq(MHz)
2019-Aug-23 02:12:34.806732 | Independent group:
2019-Aug-23 02:12:34.806737 +-+-J- 0 XX   0  0  0  0  132-148 (160)
2019-Aug-23 02:12:34.806767 
2019-Aug-23 02:12:34.848686 WARNING: This measurement set has no or an invalid WEIGHT_SPECTRUM column; will use less informative WEIGHT column.
2019-Aug-23 02:12:34.938690 Reordering ../GLEAM_A-team_EoR0_no_errors.ms into 1 x 1 parts.
2019-Aug-23 02:12:34.939105 Reordering: 0%....10%....20%....30%....40%....50%....60%....70%....80%....90%....100%
2019-Aug-23 02:18:09.779024 Initializing model visibilities: 0%....10%....20%....30%....40%....50%....60%....70%....80%....90%....100%
2019-Aug-23 02:20:10.558891 Detected 503.6 GB of system memory, usage not limited.
2019-Aug-23 02:20:10.559029  == Constructing PSF ==
2019-Aug-23 02:20:10.560780 Opening reordered part 0 spw 0 for ../GLEAM_A-team_EoR0_no_errors.ms
2019-Aug-23 02:20:10.562738 Precalculating weights for natural weighting... DONE
2019-Aug-23 02:24:04.324725 Determining min and max w & theoretical beam size... DONE (w=[4.90028e-07:20547.3] lambdas, maxuvw=32270.9 lambda)
2019-Aug-23 02:24:49.100817 Theoretic beam = 6.39''
2019-Aug-23 02:24:49.100843 Minimal inversion size: 13518 x 13518, using optimal: 13608 x 13608
2019-Aug-23 02:24:49.100865 Suggested number of w-layers: 987
2019-Aug-23 02:24:49.102370 WARNING: the amount of available memory is too low for the image size,
2019-Aug-23 02:24:49.102392        : not all cores might be used.
2019-Aug-23 02:24:49.102400        : nr buffers avail for FFT: 30 remaining mem: 156.3 GB 
2019-Aug-23 02:25:00.776623 Will process 51/987 w-layers per pass.
2019-Aug-23 02:25:00.776660 Gridding pass 0... 
2019-Aug-23 02:37:31.131748 Rows that were required: 34425915/0
2019-Aug-23 02:37:31.158444 Fourier transforms...
2019-Aug-23 02:38:27.396132 Gridding pass 1... 
2019-Aug-23 02:42:23.636994 Rows that were required: 6700412/0
2019-Aug-23 02:42:23.646296 Fourier transforms...
2019-Aug-23 02:43:20.948615 Gridding pass 2... 
2019-Aug-23 02:46:16.375678 Rows that were required: 3637409/0
2019-Aug-23 02:46:16.387858 Fourier transforms...
2019-Aug-23 02:47:13.868618 Gridding pass 3... 
2019-Aug-23 02:49:36.362296 Rows that were required: 2192261/0
2019-Aug-23 02:49:36.375084 Fourier transforms...
2019-Aug-23 02:50:34.361430 Gridding pass 4... 
2019-Aug-23 02:52:39.304448 Rows that were required: 1579620/0
2019-Aug-23 02:52:39.317821 Fourier transforms...
2019-Aug-23 02:53:36.810531 Gridding pass 5... 
2019-Aug-23 02:55:28.731693 Rows that were required: 1166245/0
2019-Aug-23 02:55:28.742118 Fourier transforms...
2019-Aug-23 02:56:26.425073 Gridding pass 6... 
2019-Aug-23 02:58:08.100332 Rows that were required: 820654/0
2019-Aug-23 02:58:08.121450 Fourier transforms...
2019-Aug-23 02:59:06.700158 Gridding pass 7... 
2019-Aug-23 03:00:41.483006 Rows that were required: 521974/0
2019-Aug-23 03:00:41.493551 Fourier transforms...
2019-Aug-23 03:01:40.294985 Gridding pass 8... 
2019-Aug-23 03:03:05.072753 Rows that were required: 333264/0
2019-Aug-23 03:03:05.095018 Fourier transforms...
2019-Aug-23 03:04:04.040621 Gridding pass 9... 
2019-Aug-23 03:05:22.810954 Rows that were required: 200327/0
2019-Aug-23 03:05:22.832988 Fourier transforms...
2019-Aug-23 03:06:21.263448 Gridding pass 10... 
2019-Aug-23 03:07:36.520774 Rows that were required: 92996/0
2019-Aug-23 03:07:36.542448 Fourier transforms...
2019-Aug-23 03:08:34.999251 Gridding pass 11... 
2019-Aug-23 03:09:47.329180 Rows that were required: 38078/0
2019-Aug-23 03:09:47.350680 Fourier transforms...
2019-Aug-23 03:10:45.877857 Gridding pass 12... 
2019-Aug-23 03:11:57.501461 Rows that were required: 23991/0
2019-Aug-23 03:11:57.524235 Fourier transforms...
2019-Aug-23 03:12:56.840133 Gridding pass 13... 
2019-Aug-23 03:14:08.891694 Rows that were required: 15214/0
2019-Aug-23 03:14:08.903768 Fourier transforms...
2019-Aug-23 03:15:07.159514 Gridding pass 14... 
2019-Aug-23 03:16:19.031754 Rows that were required: 8997/0
2019-Aug-23 03:16:19.041999 Fourier transforms...
2019-Aug-23 03:17:17.223026 Gridding pass 15... 
2019-Aug-23 03:18:29.100774 Rows that were required: 5252/0
2019-Aug-23 03:18:29.121788 Fourier transforms...
2019-Aug-23 03:19:27.526030 Gridding pass 16... 
2019-Aug-23 03:20:40.405361 Rows that were required: 2766/0
2019-Aug-23 03:20:40.430454 Fourier transforms...
2019-Aug-23 03:21:39.051752 Gridding pass 17... 
2019-Aug-23 03:22:51.985505 Rows that were required: 1330/0
2019-Aug-23 03:22:52.010874 Fourier transforms...
2019-Aug-23 03:23:51.470317 Gridding pass 18... 
2019-Aug-23 03:25:02.058632 Rows that were required: 469/0
2019-Aug-23 03:25:02.078834 Fourier transforms...
2019-Aug-23 03:26:13.034236 Gridded visibility count: 7.535e+09, effective count after weighting: 7.535e+09
2019-Aug-23 03:26:43.060295 Fitting beam... major=107.05'', minor=94.44'', PA=114.92 deg, theoretical=6.39''.
2019-Aug-23 03:26:44.764002 Writing psf image... DONE
2019-Aug-23 03:26:48.059601  == Constructing image ==
2019-Aug-23 03:26:48.059951 Opening reordered part 0 spw 0 for ../GLEAM_A-team_EoR0_no_errors.ms
2019-Aug-23 03:26:48.119176 Theoretic beam = 6.39''
2019-Aug-23 03:26:48.119187 Minimal inversion size: 13518 x 13518, using optimal: 13608 x 13608
2019-Aug-23 03:26:48.123320 WARNING: the amount of available memory is too low for the image size,
2019-Aug-23 03:26:48.123330        : not all cores might be used.
2019-Aug-23 03:26:48.123333        : nr buffers avail for FFT: 30 remaining mem: 156.3 GB 
2019-Aug-23 03:26:59.999390 Will process 51/987 w-layers per pass.
2019-Aug-23 03:26:59.999476 Gridding pass 0... Fourier transforms...
2019-Aug-23 03:41:03.852386 Gridding pass 1... Fourier transforms...
2019-Aug-23 03:46:35.030634 Gridding pass 2... Fourier transforms...
2019-Aug-23 03:50:56.025446 Gridding pass 3... Fourier transforms...
2019-Aug-23 03:54:41.435582 Gridding pass 4... Fourier transforms...
2019-Aug-23 03:58:11.339326 Gridding pass 5... Fourier transforms...
2019-Aug-23 04:01:21.940171 Gridding pass 6... Fourier transforms...
2019-Aug-23 04:04:17.363593 Gridding pass 7... Fourier transforms...
2019-Aug-23 04:06:55.282752 Gridding pass 8... Fourier transforms...
2019-Aug-23 04:09:25.251341 Gridding pass 9... Fourier transforms...
2019-Aug-23 04:11:46.931892 Gridding pass 10... Fourier transforms...
2019-Aug-23 04:14:02.570775 Gridding pass 11... Fourier transforms...
2019-Aug-23 04:16:14.491746 Gridding pass 12... Fourier transforms...
2019-Aug-23 04:18:29.692523 Gridding pass 13... Fourier transforms...
2019-Aug-23 04:20:42.619274 Gridding pass 14... Fourier transforms...
2019-Aug-23 04:22:57.491064 Gridding pass 15... Fourier transforms...
2019-Aug-23 04:25:10.672397 Gridding pass 16... Fourier transforms...
2019-Aug-23 04:27:22.364679 Gridding pass 17... Fourier transforms...
2019-Aug-23 04:29:31.873425 Gridding pass 18... Fourier transforms...
2019-Aug-23 04:31:54.037132 Gridded visibility count: 7.535e+09, effective count after weighting: 7.535e+09
2019-Aug-23 04:32:26.072014 Writing dirty image...
2019-Aug-23 04:32:29.374734  == Cleaning (1) ==
2019-Aug-23 04:32:38.320544 Estimated standard deviation of background noise: 1.89 mJy
2019-Aug-23 04:32:41.018047 Initial peak: 1.49 Jy at 9896,9461
2019-Aug-23 04:32:41.018065 Next major iteration at: 297.72 mJy
2019-Aug-23 04:32:42.742716 Performed 85 iterations in total, 85 in this major iteration with Clark optimization.
2019-Aug-23 04:33:33.004483 Stopped on peak 293.28 mJy, because the minor-loop threshold was reached. Continuing cleaning after inversion/prediction round.
2019-Aug-23 04:33:33.831662  == Converting model image to visibilities ==
2019-Aug-23 04:33:34.260740 Opening reordered part 0 spw 0 for ../GLEAM_A-team_EoR0_no_errors.ms
2019-Aug-23 04:33:34.320607 Theoretic beam = 6.39''
2019-Aug-23 04:33:34.320617 Minimal inversion size: 13518 x 13518, using optimal: 13608 x 13608
2019-Aug-23 04:33:34.324950 WARNING: the amount of available memory is too low for the image size,
2019-Aug-23 04:33:34.324959        : not all cores might be used.
2019-Aug-23 04:33:34.324962        : nr buffers avail for FFT: 30 remaining mem: 156.3 GB 
2019-Aug-23 04:33:46.167583 Will process 51/987 w-layers per pass.
2019-Aug-23 04:34:11.738490 Fourier transforms for pass 0... Predicting...
2019-Aug-23 04:47:17.235674 Fourier transforms for pass 1... Predicting...
2019-Aug-23 04:51:17.486444 Fourier transforms for pass 2... Predicting...
2019-Aug-23 04:54:14.121073 Fourier transforms for pass 3... Predicting...
2019-Aug-23 04:56:38.099068 Fourier transforms for pass 4... Predicting...
2019-Aug-23 04:58:55.130218 Fourier transforms for pass 5... Predicting...
2019-Aug-23 05:01:00.210577 Fourier transforms for pass 6... Predicting...
2019-Aug-23 05:02:58.408858 Fourier transforms for pass 7... Predicting...
2019-Aug-23 05:04:53.077771 Fourier transforms for pass 8... Predicting...
2019-Aug-23 05:06:45.406647 Fourier transforms for pass 9... Predicting...
2019-Aug-23 05:08:34.360814 Fourier transforms for pass 10... Predicting...
2019-Aug-23 05:10:22.967307 Fourier transforms for pass 11... Predicting...
2019-Aug-23 05:12:10.740185 Fourier transforms for pass 12... Predicting...
2019-Aug-23 05:13:57.984422 Fourier transforms for pass 13... Predicting...
2019-Aug-23 05:15:45.312267 Fourier transforms for pass 14... Predicting...
2019-Aug-23 05:17:32.284973 Fourier transforms for pass 15... Predicting...
2019-Aug-23 05:19:20.978476 Fourier transforms for pass 16... Predicting...
2019-Aug-23 05:21:09.254429 Fourier transforms for pass 17... Predicting...
2019-Aug-23 05:22:57.360186 Fourier transforms for pass 18... Predicting...
2019-Aug-23 05:24:46.331567  == Constructing image ==
2019-Aug-23 05:24:46.332019 Opening reordered part 0 spw 0 for ../GLEAM_A-team_EoR0_no_errors.ms
2019-Aug-23 05:24:52.240650 Theoretic beam = 6.39''
2019-Aug-23 05:24:52.240676 Minimal inversion size: 13518 x 13518, using optimal: 13608 x 13608
2019-Aug-23 05:24:52.244939 WARNING: the amount of available memory is too low for the image size,
2019-Aug-23 05:24:52.244950        : not all cores might be used.
2019-Aug-23 05:24:52.244952        : nr buffers avail for FFT: 30 remaining mem: 156.3 GB 
2019-Aug-23 05:24:57.569210 Will process 51/987 w-layers per pass.
2019-Aug-23 05:24:57.569238 Gridding pass 0... Fourier transforms...
2019-Aug-23 05:41:03.223282 Gridding pass 1... Fourier transforms...
2019-Aug-23 05:46:46.968641 Gridding pass 2... Fourier transforms...
2019-Aug-23 05:51:17.313147 Gridding pass 3... Fourier transforms...
2019-Aug-23 05:55:04.410272 Gridding pass 4... Fourier transforms...
2019-Aug-23 05:58:34.668391 Gridding pass 5... Fourier transforms...
2019-Aug-23 06:01:47.644036 Gridding pass 6... Fourier transforms...
2019-Aug-23 06:04:45.120578 Gridding pass 7... Fourier transforms...
2019-Aug-23 06:07:26.983201 Gridding pass 8... Fourier transforms...
2019-Aug-23 06:09:58.416804 Gridding pass 9... Fourier transforms...
2019-Aug-23 06:12:21.166771 Gridding pass 10... Fourier transforms...
2019-Aug-23 06:14:36.371879 Gridding pass 11... Fourier transforms...
2019-Aug-23 06:16:49.065679 Gridding pass 12... Fourier transforms...
2019-Aug-23 06:19:02.336583 Gridding pass 13... Fourier transforms...
2019-Aug-23 06:21:13.895449 Gridding pass 14... Fourier transforms...
2019-Aug-23 06:23:25.175880 Gridding pass 15... Fourier transforms...
2019-Aug-23 06:25:36.544835 Gridding pass 16... Fourier transforms...
2019-Aug-23 06:27:47.424375 Gridding pass 17... Fourier transforms...
2019-Aug-23 06:29:58.095968 Gridding pass 18... Fourier transforms...
2019-Aug-23 06:32:22.077560 Gridded visibility count: 7.535e+09, effective count after weighting: 7.535e+09
2019-Aug-23 06:32:51.115691  == Cleaning (2) ==
2019-Aug-23 06:32:59.333725 Estimated standard deviation of background noise: 1.38 mJy
2019-Aug-23 06:33:02.014087 Initial peak: 296.93 mJy at 9778,14164
2019-Aug-23 06:33:02.014103 Next major iteration at: 59.39 mJy
2019-Aug-23 06:33:06.104288 Performed 1286 iterations in total, 1201 in this major iteration with Clark optimization.
2019-Aug-23 06:33:56.704856 Stopped on peak 59.38 mJy, because the minor-loop threshold was reached. Continuing cleaning after inversion/prediction round.
2019-Aug-23 06:33:57.536702  == Converting model image to visibilities ==
2019-Aug-23 06:33:57.966382 Opening reordered part 0 spw 0 for ../GLEAM_A-team_EoR0_no_errors.ms
2019-Aug-23 06:33:58.024911 Theoretic beam = 6.39''
2019-Aug-23 06:33:58.024933 Minimal inversion size: 13518 x 13518, using optimal: 13608 x 13608
2019-Aug-23 06:33:58.030589 WARNING: the amount of available memory is too low for the image size,
2019-Aug-23 06:33:58.030596        : not all cores might be used.
2019-Aug-23 06:33:58.030598        : nr buffers avail for FFT: 30 remaining mem: 156.3 GB 
2019-Aug-23 06:34:09.837839 Will process 51/987 w-layers per pass.
2019-Aug-23 06:34:35.230973 Fourier transforms for pass 0... Predicting...
2019-Aug-23 06:37:26.299645 Fourier transforms for pass 1... Predicting...
2019-Aug-23 06:39:31.765808 Fourier transforms for pass 2... Predicting...
2019-Aug-23 06:41:28.211752 Fourier transforms for pass 3... Predicting...
2019-Aug-23 06:43:23.410179 Fourier transforms for pass 4... Predicting...
2019-Aug-23 06:45:17.508239 Fourier transforms for pass 5... Predicting...
2019-Aug-23 06:47:09.460146 Fourier transforms for pass 6... Predicting...
2019-Aug-23 06:49:00.567375 Fourier transforms for pass 7... Predicting...
2019-Aug-23 06:50:51.822895 Fourier transforms for pass 8... Predicting...
2019-Aug-23 06:52:42.497385 Fourier transforms for pass 9... Predicting...
2019-Aug-23 06:54:32.019287 Fourier transforms for pass 10... Predicting...
2019-Aug-23 06:56:20.492366 Fourier transforms for pass 11... Predicting...
2019-Aug-23 06:58:10.214080 Fourier transforms for pass 12... Predicting...
2019-Aug-23 06:59:58.747314 Fourier transforms for pass 13... Predicting...
2019-Aug-23 07:01:49.382071 Fourier transforms for pass 14... Predicting...
2019-Aug-23 07:03:39.308909 Fourier transforms for pass 15... Predicting...
2019-Aug-23 07:05:28.316562 Fourier transforms for pass 16... Predicting...
2019-Aug-23 07:07:17.450818 Fourier transforms for pass 17... Predicting...
2019-Aug-23 07:09:06.600122 Fourier transforms for pass 18... Predicting...
2019-Aug-23 07:10:57.936037  == Constructing image ==
2019-Aug-23 07:10:57.936545 Opening reordered part 0 spw 0 for ../GLEAM_A-team_EoR0_no_errors.ms
2019-Aug-23 07:11:02.791980 Theoretic beam = 6.39''
2019-Aug-23 07:11:02.791994 Minimal inversion size: 13518 x 13518, using optimal: 13608 x 13608
2019-Aug-23 07:11:02.796235 WARNING: the amount of available memory is too low for the image size,
2019-Aug-23 07:11:02.796245        : not all cores might be used.
2019-Aug-23 07:11:02.796247        : nr buffers avail for FFT: 30 remaining mem: 156.3 GB 
2019-Aug-23 07:11:08.154112 Will process 51/987 w-layers per pass.
2019-Aug-23 07:11:08.154137 Gridding pass 0... Fourier transforms...
2019-Aug-23 07:27:16.191761 Gridding pass 1... Fourier transforms...
2019-Aug-23 07:33:01.469580 Gridding pass 2... Fourier transforms...
2019-Aug-23 07:37:36.369548 Gridding pass 3... Fourier transforms...
2019-Aug-23 07:41:31.139305 Gridding pass 4... Fourier transforms...
2019-Aug-23 07:45:02.286086 Gridding pass 5... Fourier transforms...
2019-Aug-23 07:48:18.987493 Gridding pass 6... Fourier transforms...
2019-Aug-23 07:51:20.364754 Gridding pass 7... Fourier transforms...
2019-Aug-23 07:54:07.162995 Gridding pass 8... Fourier transforms...
2019-Aug-23 07:56:39.510406 Gridding pass 9... Fourier transforms...
2019-Aug-23 07:59:03.524138 Gridding pass 10... Fourier transforms...
2019-Aug-23 08:01:19.286481 Gridding pass 11... Fourier transforms...
2019-Aug-23 08:03:31.603657 Gridding pass 12... Fourier transforms...
2019-Aug-23 08:05:49.946850 Gridding pass 13... Fourier transforms...
2019-Aug-23 08:08:07.018866 Gridding pass 14... Fourier transforms...
2019-Aug-23 08:10:26.649159 Gridding pass 15... Fourier transforms...
2019-Aug-23 08:12:39.341049 Gridding pass 16... Fourier transforms...
2019-Aug-23 08:14:52.904069 Gridding pass 17... Fourier transforms...
2019-Aug-23 08:17:04.681702 Gridding pass 18... Fourier transforms...
2019-Aug-23 08:19:31.342638 Gridded visibility count: 7.535e+09, effective count after weighting: 7.535e+09
2019-Aug-23 08:20:02.971852  == Cleaning (3) ==
2019-Aug-23 08:20:11.752530 Estimated standard deviation of background noise: 855.57 µJy
2019-Aug-23 08:20:14.437209 Initial peak: 64.4 mJy at 12154,10572
2019-Aug-23 08:20:14.437232 Next major iteration at: 12.88 mJy
2019-Aug-23 08:21:15.066884 Performed 6231 iterations in total, 4945 in this major iteration with Clark optimization.
2019-Aug-23 08:22:05.462093 Stopped on peak 12.88 mJy, because the minor-loop threshold was reached. Continuing cleaning after inversion/prediction round.
2019-Aug-23 08:22:06.290042  == Converting model image to visibilities ==
2019-Aug-23 08:22:06.722546 Opening reordered part 0 spw 0 for ../GLEAM_A-team_EoR0_no_errors.ms
2019-Aug-23 08:22:06.778381 Theoretic beam = 6.39''
2019-Aug-23 08:22:06.778391 Minimal inversion size: 13518 x 13518, using optimal: 13608 x 13608
2019-Aug-23 08:22:06.782798 WARNING: the amount of available memory is too low for the image size,
2019-Aug-23 08:22:06.782806        : not all cores might be used.
2019-Aug-23 08:22:06.782809        : nr buffers avail for FFT: 30 remaining mem: 156.3 GB 
2019-Aug-23 08:22:18.652722 Will process 51/987 w-layers per pass.
2019-Aug-23 08:22:44.178724 Fourier transforms for pass 0... Predicting...
2019-Aug-23 08:25:36.090825 Fourier transforms for pass 1... Predicting...
2019-Aug-23 08:27:39.497987 Fourier transforms for pass 2... Predicting...
2019-Aug-23 08:29:34.703429 Fourier transforms for pass 3... Predicting...
2019-Aug-23 08:31:29.352304 Fourier transforms for pass 4... Predicting...
2019-Aug-23 08:33:23.331797 Fourier transforms for pass 5... Predicting...
2019-Aug-23 08:35:17.342808 Fourier transforms for pass 6... Predicting...
2019-Aug-23 08:37:08.518824 Fourier transforms for pass 7... Predicting...
2019-Aug-23 08:39:00.618311 Fourier transforms for pass 8... Predicting...
2019-Aug-23 08:40:51.599556 Fourier transforms for pass 9... Predicting...
2019-Aug-23 08:42:41.945736 Fourier transforms for pass 10... Predicting...
2019-Aug-23 08:44:33.425760 Fourier transforms for pass 11... Predicting...
2019-Aug-23 08:46:23.603379 Fourier transforms for pass 12... Predicting...
2019-Aug-23 08:48:12.753198 Fourier transforms for pass 13... Predicting...
2019-Aug-23 08:50:02.399847 Fourier transforms for pass 14... Predicting...
2019-Aug-23 08:51:52.705865 Fourier transforms for pass 15... Predicting...
2019-Aug-23 08:53:43.341135 Fourier transforms for pass 16... Predicting...
2019-Aug-23 08:55:33.026483 Fourier transforms for pass 17... Predicting...
2019-Aug-23 08:57:23.781955 Fourier transforms for pass 18... Predicting...
2019-Aug-23 08:59:19.458435  == Constructing image ==
2019-Aug-23 08:59:19.458725 Opening reordered part 0 spw 0 for ../GLEAM_A-team_EoR0_no_errors.ms
2019-Aug-23 08:59:25.058695 Theoretic beam = 6.39''
2019-Aug-23 08:59:25.058721 Minimal inversion size: 13518 x 13518, using optimal: 13608 x 13608
2019-Aug-23 08:59:25.063190 WARNING: the amount of available memory is too low for the image size,
2019-Aug-23 08:59:25.063199        : not all cores might be used.
2019-Aug-23 08:59:25.063202        : nr buffers avail for FFT: 30 remaining mem: 156.3 GB 
2019-Aug-23 08:59:30.413855 Will process 51/987 w-layers per pass.
2019-Aug-23 08:59:30.413884 Gridding pass 0... Fourier transforms...
2019-Aug-23 09:15:36.453168 Gridding pass 1... Fourier transforms...
2019-Aug-23 09:21:24.011609 Gridding pass 2... Fourier transforms...
2019-Aug-23 09:25:57.694597 Gridding pass 3... Fourier transforms...
2019-Aug-23 09:29:52.492810 Gridding pass 4... Fourier transforms...
2019-Aug-23 09:33:27.521441 Gridding pass 5... Fourier transforms...
2019-Aug-23 09:36:48.915131 Gridding pass 6... Fourier transforms...
2019-Aug-23 09:39:50.718065 Gridding pass 7... Fourier transforms...
2019-Aug-23 09:42:36.482789 Gridding pass 8... Fourier transforms...
2019-Aug-23 09:45:10.126238 Gridding pass 9... Fourier transforms...
2019-Aug-23 09:47:34.621103 Gridding pass 10... Fourier transforms...
2019-Aug-23 09:49:52.012954 Gridding pass 11... Fourier transforms...
2019-Aug-23 09:52:06.578204 Gridding pass 12... Fourier transforms...
2019-Aug-23 09:54:25.149962 Gridding pass 13... Fourier transforms...
2019-Aug-23 09:56:42.212121 Gridding pass 14... Fourier transforms...
2019-Aug-23 09:58:59.650888 Gridding pass 15... Fourier transforms...
2019-Aug-23 10:01:15.520429 Gridding pass 16... Fourier transforms...
2019-Aug-23 10:03:27.263235 Gridding pass 17... Fourier transforms...
2019-Aug-23 10:05:41.071919 Gridding pass 18... Fourier transforms...
2019-Aug-23 10:08:10.778710 Gridded visibility count: 7.535e+09, effective count after weighting: 7.535e+09
2019-Aug-23 10:08:43.377842  == Cleaning (4) ==
2019-Aug-23 10:08:52.966589 Estimated standard deviation of background noise: 570.17 µJy
2019-Aug-23 10:08:55.656003 Initial peak: 14.68 mJy at 14195,9011
2019-Aug-23 10:08:55.656022 Next major iteration at: 2.94 mJy
2019-Aug-23 10:14:21.700731 Performed 18486 iterations in total, 12255 in this major iteration with Clark optimization.
2019-Aug-23 10:15:11.989907 Stopped on peak 2.94 mJy, because the minor-loop threshold was reached. Continuing cleaning after inversion/prediction round.
2019-Aug-23 10:15:12.817056  == Converting model image to visibilities ==
2019-Aug-23 10:15:13.248004 Opening reordered part 0 spw 0 for ../GLEAM_A-team_EoR0_no_errors.ms
2019-Aug-23 10:15:13.306464 Theoretic beam = 6.39''
2019-Aug-23 10:15:13.306474 Minimal inversion size: 13518 x 13518, using optimal: 13608 x 13608
2019-Aug-23 10:15:13.312411 WARNING: the amount of available memory is too low for the image size,
2019-Aug-23 10:15:13.312420        : not all cores might be used.
2019-Aug-23 10:15:13.312423        : nr buffers avail for FFT: 30 remaining mem: 156.3 GB 
2019-Aug-23 10:15:25.110133 Will process 51/987 w-layers per pass.
2019-Aug-23 10:15:50.711831 Fourier transforms for pass 0... Predicting...
2019-Aug-23 10:18:40.341089 Fourier transforms for pass 1... Predicting...
2019-Aug-23 10:20:46.026888 Fourier transforms for pass 2... Predicting...
2019-Aug-23 10:22:44.148278 Fourier transforms for pass 3... Predicting...
2019-Aug-23 10:24:39.881907 Fourier transforms for pass 4... Predicting...
2019-Aug-23 10:26:33.153379 Fourier transforms for pass 5... Predicting...
2019-Aug-23 10:28:24.948737 Fourier transforms for pass 6... Predicting...
2019-Aug-23 10:30:16.825353 Fourier transforms for pass 7... Predicting...
2019-Aug-23 10:32:08.705336 Fourier transforms for pass 8... Predicting...
2019-Aug-23 10:33:57.598758 Fourier transforms for pass 9... Predicting...
2019-Aug-23 10:35:48.826373 Fourier transforms for pass 10... Predicting...
2019-Aug-23 10:37:39.164077 Fourier transforms for pass 11... Predicting...
2019-Aug-23 10:39:27.633852 Fourier transforms for pass 12... Predicting...
2019-Aug-23 10:41:16.736344 Fourier transforms for pass 13... Predicting...
2019-Aug-23 10:43:06.865203 Fourier transforms for pass 14... Predicting...
2019-Aug-23 10:44:55.048894 Fourier transforms for pass 15... Predicting...
2019-Aug-23 10:46:44.555435 Fourier transforms for pass 16... Predicting...
2019-Aug-23 10:48:33.530842 Fourier transforms for pass 17... Predicting...
2019-Aug-23 10:50:23.023746 Fourier transforms for pass 18... Predicting...
2019-Aug-23 10:52:14.713020  == Constructing image ==
2019-Aug-23 10:52:14.713341 Opening reordered part 0 spw 0 for ../GLEAM_A-team_EoR0_no_errors.ms
2019-Aug-23 10:52:19.952935 Theoretic beam = 6.39''
2019-Aug-23 10:52:19.952948 Minimal inversion size: 13518 x 13518, using optimal: 13608 x 13608
2019-Aug-23 10:52:19.957190 WARNING: the amount of available memory is too low for the image size,
2019-Aug-23 10:52:19.957199        : not all cores might be used.
2019-Aug-23 10:52:19.957201        : nr buffers avail for FFT: 30 remaining mem: 156.3 GB 
2019-Aug-23 10:52:25.273047 Will process 51/987 w-layers per pass.
2019-Aug-23 10:52:25.273075 Gridding pass 0... Fourier transforms...
2019-Aug-23 11:08:31.090332 Gridding pass 1... Fourier transforms...
2019-Aug-23 11:14:17.603484 Gridding pass 2... Fourier transforms...
2019-Aug-23 11:18:59.168498 Gridding pass 3... Fourier transforms...
2019-Aug-23 11:23:01.005024 Gridding pass 4... Fourier transforms...
2019-Aug-23 11:26:36.650078 Gridding pass 5... Fourier transforms...
2019-Aug-23 11:29:55.801159 Gridding pass 6... Fourier transforms...
2019-Aug-23 11:33:01.066063 Gridding pass 7... Fourier transforms...
2019-Aug-23 11:35:50.267749 Gridding pass 8... Fourier transforms...
2019-Aug-23 11:38:29.049456 Gridding pass 9... Fourier transforms...
2019-Aug-23 11:40:54.167437 Gridding pass 10... Fourier transforms...
2019-Aug-23 11:43:11.294458 Gridding pass 11... Fourier transforms...
2019-Aug-23 11:45:29.055725 Gridding pass 12... Fourier transforms...
2019-Aug-23 11:47:51.793045 Gridding pass 13... Fourier transforms...
2019-Aug-23 11:50:19.389382 Gridding pass 14... Fourier transforms...
2019-Aug-23 11:52:35.622233 Gridding pass 15... Fourier transforms...
2019-Aug-23 11:54:49.327638 Gridding pass 16... Fourier transforms...
2019-Aug-23 11:57:01.354817 Gridding pass 17... Fourier transforms...
2019-Aug-23 11:59:20.101655 Gridding pass 18... Fourier transforms...
2019-Aug-23 12:01:53.226085 Gridded visibility count: 7.535e+09, effective count after weighting: 7.535e+09
2019-Aug-23 12:02:26.828940  == Cleaning (5) ==
2019-Aug-23 12:02:35.537973 Estimated standard deviation of background noise: 418.17 µJy
2019-Aug-23 12:02:38.218158 Initial peak: -6.64 mJy at 15792,7849
2019-Aug-23 12:02:38.218176 Next major iteration at: 1.33 mJy
2019-Aug-23 12:02:51.627006 Performed 20000 iterations in total, 1514 in this major iteration with Clark optimization.
2019-Aug-23 12:03:42.039204 Stopped on peak 2.69 mJy, because maximum number of iterations was reached.
2019-Aug-23 12:03:42.868979 Writing model image...
2019-Aug-23 12:03:46.397608  == Converting model image to visibilities ==
2019-Aug-23 12:03:46.816530 Opening reordered part 0 spw 0 for ../GLEAM_A-team_EoR0_no_errors.ms
2019-Aug-23 12:03:46.873511 Theoretic beam = 6.39''
2019-Aug-23 12:03:46.873521 Minimal inversion size: 13518 x 13518, using optimal: 13608 x 13608
2019-Aug-23 12:03:46.877775 WARNING: the amount of available memory is too low for the image size,
2019-Aug-23 12:03:46.877782        : not all cores might be used.
2019-Aug-23 12:03:46.877785        : nr buffers avail for FFT: 30 remaining mem: 156.3 GB 
2019-Aug-23 12:03:58.695757 Will process 51/987 w-layers per pass.
2019-Aug-23 12:04:24.077131 Fourier transforms for pass 0... Predicting...
2019-Aug-23 12:07:14.209390 Fourier transforms for pass 1... Predicting...
2019-Aug-23 12:09:17.212574 Fourier transforms for pass 2... Predicting...
2019-Aug-23 12:11:15.286590 Fourier transforms for pass 3... Predicting...
2019-Aug-23 12:13:11.967889 Fourier transforms for pass 4... Predicting...
2019-Aug-23 12:15:06.086675 Fourier transforms for pass 5... Predicting...
2019-Aug-23 12:16:57.935346 Fourier transforms for pass 6... Predicting...
2019-Aug-23 12:18:50.933743 Fourier transforms for pass 7... Predicting...
2019-Aug-23 12:20:44.076702 Fourier transforms for pass 8... Predicting...
2019-Aug-23 12:22:33.151815 Fourier transforms for pass 9... Predicting...
2019-Aug-23 12:24:24.026115 Fourier transforms for pass 10... Predicting...
2019-Aug-23 12:26:13.120650 Fourier transforms for pass 11... Predicting...
2019-Aug-23 12:28:02.969723 Fourier transforms for pass 12... Predicting...
2019-Aug-23 12:29:51.979356 Fourier transforms for pass 13... Predicting...
2019-Aug-23 12:31:41.460431 Fourier transforms for pass 14... Predicting...
2019-Aug-23 12:33:30.918418 Fourier transforms for pass 15... Predicting...
2019-Aug-23 12:35:19.259282 Fourier transforms for pass 16... Predicting...
2019-Aug-23 12:37:08.880697 Fourier transforms for pass 17... Predicting...
2019-Aug-23 12:38:58.789659 Fourier transforms for pass 18... Predicting...
2019-Aug-23 12:40:53.839271  == Constructing image ==
2019-Aug-23 12:40:53.839989 Opening reordered part 0 spw 0 for ../GLEAM_A-team_EoR0_no_errors.ms
2019-Aug-23 12:40:59.571587 Theoretic beam = 6.39''
2019-Aug-23 12:40:59.571601 Minimal inversion size: 13518 x 13518, using optimal: 13608 x 13608
2019-Aug-23 12:40:59.575833 WARNING: the amount of available memory is too low for the image size,
2019-Aug-23 12:40:59.575842        : not all cores might be used.
2019-Aug-23 12:40:59.575845        : nr buffers avail for FFT: 30 remaining mem: 156.3 GB 
2019-Aug-23 12:41:04.913596 Will process 51/987 w-layers per pass.
2019-Aug-23 12:41:04.913623 Gridding pass 0... Fourier transforms...
2019-Aug-23 12:57:10.581739 Gridding pass 1... Fourier transforms...
2019-Aug-23 13:03:00.710271 Gridding pass 2... Fourier transforms...
2019-Aug-23 13:07:36.326853 Gridding pass 3... Fourier transforms...
2019-Aug-23 13:11:34.038026 Gridding pass 4... Fourier transforms...
2019-Aug-23 13:15:07.582104 Gridding pass 5... Fourier transforms...
2019-Aug-23 13:18:24.498943 Gridding pass 6... Fourier transforms...
2019-Aug-23 13:21:24.204484 Gridding pass 7... Fourier transforms...
2019-Aug-23 13:24:15.516926 Gridding pass 8... Fourier transforms...
2019-Aug-23 13:26:48.052354 Gridding pass 9... Fourier transforms...
2019-Aug-23 13:29:10.860691 Gridding pass 10... Fourier transforms...
2019-Aug-23 13:31:28.319830 Gridding pass 11... Fourier transforms...
2019-Aug-23 13:33:48.877571 Gridding pass 12... Fourier transforms...
2019-Aug-23 13:36:09.115257 Gridding pass 13... Fourier transforms...
2019-Aug-23 13:38:23.334119 Gridding pass 14... Fourier transforms...
2019-Aug-23 13:40:35.289149 Gridding pass 15... Fourier transforms...
2019-Aug-23 13:42:46.029891 Gridding pass 16... Fourier transforms...
2019-Aug-23 13:45:05.890981 Gridding pass 17... Fourier transforms...
2019-Aug-23 13:47:24.436364 Gridding pass 18... Fourier transforms...
2019-Aug-23 13:49:53.720416 Gridded visibility count: 7.535e+09, effective count after weighting: 7.535e+09
2019-Aug-23 13:50:27.204049 5 major iterations were performed.
2019-Aug-23 13:50:31.211489 Rendering sources to restored image (beam=94.44''-107.05'', PA=114.92 deg)... DONE
2019-Aug-23 13:51:08.779911 Writing restored image... DONE
2019-Aug-23 13:51:11.891557 Image buf alloc stats:
2019-Aug-23 13:51:11.891580          max alloc'd images = 39 real + 112 complex
2019-Aug-23 13:51:11.891588        max allocated chunks = 19
2019-Aug-23 13:51:11.891592       current allocated mem = 74.2 GB 
2019-Aug-23 13:51:11.891608 Inversion: 07:58:26.344789, prediction: 03:19:20.322225, deconvolution: 00:11:59.675387
2019-Aug-23 13:51:11.983641 Writing changed model back to ../GLEAM_A-team_EoR0_no_errors.ms:
2019-Aug-23 13:51:11.983653  0%....10%....20%....30%....40%....50%....60%....70%....80%....90%....100%
2019-Aug-23 14:01:42.089805 Cleaning up temporary files...
