2019-Aug-13 19:02:41.455653 
2019-Aug-13 19:02:41.456002 WSClean version 2.7.0 (2019-04-19)
2019-Aug-13 19:02:41.456011 This software package is released under the GPL version 3.
2019-Aug-13 19:02:41.456014 Author: André Offringa (offringa@gmail.com).
2019-Aug-13 19:02:41.456017 
2019-Aug-13 19:02:41.549401 No corrected data in first measurement set: tasks will be applied on the data column.
2019-Aug-13 19:02:41.602371 === IMAGING TABLE ===
2019-Aug-13 19:02:41.602378        # Pol Ch JG ²G In Freq(MHz)
2019-Aug-13 19:02:41.602381 | Independent group:
2019-Aug-13 19:02:41.602387 +-+-J- 0 XX   0  0  0  0  132-148 (160)
2019-Aug-13 19:02:41.602414 
2019-Aug-13 19:02:41.645946 WARNING: This measurement set has no or an invalid WEIGHT_SPECTRUM column; will use less informative WEIGHT column.
2019-Aug-13 19:02:41.734539 Reordering ../GLEAM_A-team_EoR0_no_errors.ms into 1 x 1 parts.
2019-Aug-13 19:02:41.734909 Reordering: 0%....10%....20%....30%....40%....50%....60%....70%....80%....90%....100%
2019-Aug-13 19:08:18.430095 Initializing model visibilities: 0%....10%....20%....30%....40%....50%....60%....70%....80%....90%....100%
2019-Aug-13 19:10:17.413627 Detected 503.6 GB of system memory, usage not limited.
2019-Aug-13 19:10:17.413734  == Constructing PSF ==
2019-Aug-13 19:10:17.415334 Opening reordered part 0 spw 0 for ../GLEAM_A-team_EoR0_no_errors.ms
2019-Aug-13 19:10:17.416182 Precalculating weights for natural weighting... DONE
2019-Aug-13 19:13:52.894640 Determining min and max w & theoretical beam size... DONE (w=[4.90028e-07:20547.3] lambdas, maxuvw=32270.9 lambda)
2019-Aug-13 19:14:42.411956 Theoretic beam = 6.39''
2019-Aug-13 19:14:42.411971 Minimal inversion size: 10816 x 10816, using optimal: 10976 x 10976
2019-Aug-13 19:14:42.411982 Suggested number of w-layers: 631
2019-Aug-13 19:15:12.588261 Will process 35/631 w-layers per pass.
2019-Aug-13 19:15:12.588300 Gridding pass 0... 
2019-Aug-13 19:27:09.860503 Rows that were required: 34962058/0
2019-Aug-13 19:27:09.885387 Fourier transforms...
2019-Aug-13 19:27:53.561820 Gridding pass 1... 
2019-Aug-13 19:31:30.773000 Rows that were required: 6632818/0
2019-Aug-13 19:31:30.801822 Fourier transforms...
2019-Aug-13 19:32:14.616346 Gridding pass 2... 
2019-Aug-13 19:35:10.366623 Rows that were required: 3494716/0
2019-Aug-13 19:35:10.398875 Fourier transforms...
2019-Aug-13 19:35:43.578641 Gridding pass 3... 
2019-Aug-13 19:37:58.871530 Rows that were required: 2108648/0
2019-Aug-13 19:37:58.903858 Fourier transforms...
2019-Aug-13 19:38:45.362599 Gridding pass 4... 
2019-Aug-13 19:40:39.764079 Rows that were required: 1521623/0
2019-Aug-13 19:40:39.805129 Fourier transforms...
2019-Aug-13 19:41:17.301778 Gridding pass 5... 
2019-Aug-13 19:43:14.935148 Rows that were required: 1088953/0
2019-Aug-13 19:43:14.971962 Fourier transforms...
2019-Aug-13 19:43:52.017946 Gridding pass 6... 
2019-Aug-13 19:45:29.665334 Rows that were required: 715286/0
2019-Aug-13 19:45:29.703977 Fourier transforms...
2019-Aug-13 19:46:10.701939 Gridding pass 7... 
2019-Aug-13 19:47:34.096529 Rows that were required: 443866/0
2019-Aug-13 19:47:34.120419 Fourier transforms...
2019-Aug-13 19:48:08.969715 Gridding pass 8... 
2019-Aug-13 19:49:26.659865 Rows that were required: 280379/0
2019-Aug-13 19:49:26.691440 Fourier transforms...
2019-Aug-13 19:50:06.696702 Gridding pass 9... 
2019-Aug-13 19:51:26.866125 Rows that were required: 146549/0
2019-Aug-13 19:51:26.887603 Fourier transforms...
2019-Aug-13 19:52:18.281595 Gridding pass 10... 
2019-Aug-13 19:53:39.036947 Rows that were required: 50554/0
2019-Aug-13 19:53:39.077450 Fourier transforms...
2019-Aug-13 19:54:14.898027 Gridding pass 11... 
2019-Aug-13 19:55:29.105054 Rows that were required: 29280/0
2019-Aug-13 19:55:29.145677 Fourier transforms...
2019-Aug-13 19:56:09.690512 Gridding pass 12... 
2019-Aug-13 19:57:28.633298 Rows that were required: 17957/0
2019-Aug-13 19:57:28.673067 Fourier transforms...
2019-Aug-13 19:57:59.955450 Gridding pass 13... 
2019-Aug-13 19:59:11.695064 Rows that were required: 10379/0
2019-Aug-13 19:59:11.734885 Fourier transforms...
2019-Aug-13 19:59:41.973571 Gridding pass 14... 
2019-Aug-13 20:00:44.180028 Rows that were required: 5998/0
2019-Aug-13 20:00:44.220758 Fourier transforms...
2019-Aug-13 20:01:26.710690 Gridding pass 15... 
2019-Aug-13 20:02:31.635384 Rows that were required: 3130/0
2019-Aug-13 20:02:31.661470 Fourier transforms...
2019-Aug-13 20:03:18.580284 Gridding pass 16... 
2019-Aug-13 20:04:29.246364 Rows that were required: 1430/0
2019-Aug-13 20:04:29.282298 Fourier transforms...
2019-Aug-13 20:05:12.427274 Gridding pass 17... 
2019-Aug-13 20:06:28.728689 Rows that were required: 540/0
2019-Aug-13 20:06:28.769074 Fourier transforms...
2019-Aug-13 20:07:20.427416 Gridded visibility count: 7.535e+09, effective count after weighting: 7.535e+09
2019-Aug-13 20:08:27.732070 Fitting beam... major=107.05'', minor=94.44'', PA=114.92 deg, theoretical=6.39''.
2019-Aug-13 20:08:29.401043 Writing psf image... DONE
2019-Aug-13 20:08:31.863059  == Constructing image ==
2019-Aug-13 20:08:31.863400 Opening reordered part 0 spw 0 for ../GLEAM_A-team_EoR0_no_errors.ms
2019-Aug-13 20:08:31.920539 Theoretic beam = 6.39''
2019-Aug-13 20:08:31.920550 Minimal inversion size: 10816 x 10816, using optimal: 10976 x 10976
2019-Aug-13 20:09:08.067062 Will process 35/631 w-layers per pass.
2019-Aug-13 20:09:08.067129 Gridding pass 0... Fourier transforms...
2019-Aug-13 20:22:30.878227 Gridding pass 1... Fourier transforms...
2019-Aug-13 20:27:45.287116 Gridding pass 2... Fourier transforms...
2019-Aug-13 20:31:45.103331 Gridding pass 3... Fourier transforms...
2019-Aug-13 20:35:01.423171 Gridding pass 4... Fourier transforms...
2019-Aug-13 20:38:02.973932 Gridding pass 5... Fourier transforms...
2019-Aug-13 20:41:00.501709 Gridding pass 6... Fourier transforms...
2019-Aug-13 20:43:35.657513 Gridding pass 7... Fourier transforms...
2019-Aug-13 20:45:44.359671 Gridding pass 8... Fourier transforms...
2019-Aug-13 20:47:49.685546 Gridding pass 9... Fourier transforms...
2019-Aug-13 20:49:55.486564 Gridding pass 10... Fourier transforms...
2019-Aug-13 20:51:48.506525 Gridding pass 11... Fourier transforms...
2019-Aug-13 20:53:39.186011 Gridding pass 12... Fourier transforms...
2019-Aug-13 20:55:31.968526 Gridding pass 13... Fourier transforms...
2019-Aug-13 20:57:25.488354 Gridding pass 14... Fourier transforms...
2019-Aug-13 20:59:12.327545 Gridding pass 15... Fourier transforms...
2019-Aug-13 21:00:49.442905 Gridding pass 16... Fourier transforms...
2019-Aug-13 21:02:29.490009 Gridding pass 17... Fourier transforms...
2019-Aug-13 21:04:37.740027 Gridded visibility count: 7.535e+09, effective count after weighting: 7.535e+09
2019-Aug-13 21:05:48.981944 Writing dirty image...
2019-Aug-13 21:05:51.434052  == Cleaning (1) ==
2019-Aug-13 21:05:59.512376 Estimated standard deviation of background noise: 2.64 mJy
2019-Aug-13 21:06:02.490776 Initial peak: 1.49 Jy at 7848,7413
2019-Aug-13 21:06:02.490793 Next major iteration at: 297.72 mJy
2019-Aug-13 21:06:04.471193 Performed 85 iterations in total, 85 in this major iteration with Clark optimization.
2019-Aug-13 21:07:45.389006 Stopped on peak 293.29 mJy, because the minor-loop threshold was reached. Continuing cleaning after inversion/prediction round.
2019-Aug-13 21:07:47.204114  == Converting model image to visibilities ==
2019-Aug-13 21:07:48.218772 Opening reordered part 0 spw 0 for ../GLEAM_A-team_EoR0_no_errors.ms
2019-Aug-13 21:07:48.276846 Theoretic beam = 6.39''
2019-Aug-13 21:07:48.276857 Minimal inversion size: 10816 x 10816, using optimal: 10976 x 10976
2019-Aug-13 21:08:24.255076 Will process 35/631 w-layers per pass.
2019-Aug-13 21:09:12.931747 Fourier transforms for pass 0... Predicting...
2019-Aug-13 21:13:52.540144 Fourier transforms for pass 1... Predicting...
2019-Aug-13 21:16:41.561999 Fourier transforms for pass 2... Predicting...
2019-Aug-13 21:18:43.872906 Fourier transforms for pass 3... Predicting...
2019-Aug-13 21:20:35.325045 Fourier transforms for pass 4... Predicting...
2019-Aug-13 21:22:09.369283 Fourier transforms for pass 5... Predicting...
2019-Aug-13 21:23:45.164024 Fourier transforms for pass 6... Predicting...
2019-Aug-13 21:25:17.054049 Fourier transforms for pass 7... Predicting...
2019-Aug-13 21:26:47.101493 Fourier transforms for pass 8... Predicting...
2019-Aug-13 21:28:18.210965 Fourier transforms for pass 9... Predicting...
2019-Aug-13 21:29:46.090324 Fourier transforms for pass 10... Predicting...
2019-Aug-13 21:31:07.743080 Fourier transforms for pass 11... Predicting...
2019-Aug-13 21:32:37.065916 Fourier transforms for pass 12... Predicting...
2019-Aug-13 21:33:58.542485 Fourier transforms for pass 13... Predicting...
2019-Aug-13 21:35:19.587573 Fourier transforms for pass 14... Predicting...
2019-Aug-13 21:36:43.569574 Fourier transforms for pass 15... Predicting...
2019-Aug-13 21:38:12.150561 Fourier transforms for pass 16... Predicting...
2019-Aug-13 21:39:42.466703 Fourier transforms for pass 17... Predicting...
2019-Aug-13 21:41:14.435133  == Constructing image ==
2019-Aug-13 21:41:14.435982 Opening reordered part 0 spw 0 for ../GLEAM_A-team_EoR0_no_errors.ms
2019-Aug-13 21:41:20.315793 Theoretic beam = 6.39''
2019-Aug-13 21:41:20.315809 Minimal inversion size: 10816 x 10816, using optimal: 10976 x 10976
2019-Aug-13 21:41:39.228629 Will process 35/631 w-layers per pass.
2019-Aug-13 21:41:39.228701 Gridding pass 0... Fourier transforms...
2019-Aug-13 21:56:51.269192 Gridding pass 1... Fourier transforms...
2019-Aug-13 22:02:14.924194 Gridding pass 2... Fourier transforms...
2019-Aug-13 22:06:11.216867 Gridding pass 3... Fourier transforms...
2019-Aug-13 22:09:31.940718 Gridding pass 4... Fourier transforms...
2019-Aug-13 22:12:39.084215 Gridding pass 5... Fourier transforms...
2019-Aug-13 22:15:30.713593 Gridding pass 6... Fourier transforms...
2019-Aug-13 22:18:12.324196 Gridding pass 7... Fourier transforms...
2019-Aug-13 22:20:32.384873 Gridding pass 8... Fourier transforms...
2019-Aug-13 22:22:44.846283 Gridding pass 9... Fourier transforms...
2019-Aug-13 22:24:34.137317 Gridding pass 10... Fourier transforms...
2019-Aug-13 22:26:15.188700 Gridding pass 11... Fourier transforms...
2019-Aug-13 22:28:04.538780 Gridding pass 12... Fourier transforms...
2019-Aug-13 22:29:45.709308 Gridding pass 13... Fourier transforms...
2019-Aug-13 22:31:22.047488 Gridding pass 14... Fourier transforms...
2019-Aug-13 22:33:20.235894 Gridding pass 15... Fourier transforms...
2019-Aug-13 22:35:03.235186 Gridding pass 16... Fourier transforms...
2019-Aug-13 22:36:41.404771 Gridding pass 17... Fourier transforms...
2019-Aug-13 22:38:49.621449 Gridded visibility count: 7.535e+09, effective count after weighting: 7.535e+09
2019-Aug-13 22:39:58.915872  == Cleaning (2) ==
2019-Aug-13 22:40:06.756531 Estimated standard deviation of background noise: 2.05 mJy
2019-Aug-13 22:40:09.599666 Initial peak: 296.82 mJy at 7730,12116
2019-Aug-13 22:40:09.599687 Next major iteration at: 59.36 mJy
2019-Aug-13 22:40:14.437850 Performed 1284 iterations in total, 1199 in this major iteration with Clark optimization.
2019-Aug-13 22:41:53.205652 Stopped on peak 59.35 mJy, because the minor-loop threshold was reached. Continuing cleaning after inversion/prediction round.
2019-Aug-13 22:41:54.977531  == Converting model image to visibilities ==
2019-Aug-13 22:41:55.722076 Opening reordered part 0 spw 0 for ../GLEAM_A-team_EoR0_no_errors.ms
2019-Aug-13 22:41:55.778028 Theoretic beam = 6.39''
2019-Aug-13 22:41:55.778038 Minimal inversion size: 10816 x 10816, using optimal: 10976 x 10976
2019-Aug-13 22:42:32.040643 Will process 35/631 w-layers per pass.
2019-Aug-13 22:43:22.545223 Fourier transforms for pass 0... Predicting...
2019-Aug-13 22:45:54.901668 Fourier transforms for pass 1... Predicting...
2019-Aug-13 22:47:46.024968 Fourier transforms for pass 2... Predicting...
2019-Aug-13 22:49:28.469979 Fourier transforms for pass 3... Predicting...
2019-Aug-13 22:51:03.827710 Fourier transforms for pass 4... Predicting...
2019-Aug-13 22:52:32.326068 Fourier transforms for pass 5... Predicting...
2019-Aug-13 22:53:55.550100 Fourier transforms for pass 6... Predicting...
2019-Aug-13 22:55:27.093986 Fourier transforms for pass 7... Predicting...
2019-Aug-13 22:56:50.978260 Fourier transforms for pass 8... Predicting...
2019-Aug-13 22:58:19.058184 Fourier transforms for pass 9... Predicting...
2019-Aug-13 22:59:47.806706 Fourier transforms for pass 10... Predicting...
2019-Aug-13 23:01:08.913922 Fourier transforms for pass 11... Predicting...
2019-Aug-13 23:02:35.765349 Fourier transforms for pass 12... Predicting...
2019-Aug-13 23:03:58.207537 Fourier transforms for pass 13... Predicting...
2019-Aug-13 23:05:22.373238 Fourier transforms for pass 14... Predicting...
2019-Aug-13 23:06:42.208553 Fourier transforms for pass 15... Predicting...
2019-Aug-13 23:08:20.104441 Fourier transforms for pass 16... Predicting...
2019-Aug-13 23:09:46.170104 Fourier transforms for pass 17... Predicting...
2019-Aug-13 23:11:10.464452  == Constructing image ==
2019-Aug-13 23:11:10.464811 Opening reordered part 0 spw 0 for ../GLEAM_A-team_EoR0_no_errors.ms
2019-Aug-13 23:11:15.895559 Theoretic beam = 6.39''
2019-Aug-13 23:11:15.895587 Minimal inversion size: 10816 x 10816, using optimal: 10976 x 10976
2019-Aug-13 23:11:34.538428 Will process 35/631 w-layers per pass.
2019-Aug-13 23:11:34.538481 Gridding pass 0... Fourier transforms...
2019-Aug-13 23:27:00.738032 Gridding pass 1... Fourier transforms...
2019-Aug-13 23:32:22.363249 Gridding pass 2... Fourier transforms...
2019-Aug-13 23:36:23.632506 Gridding pass 3... Fourier transforms...
2019-Aug-13 23:39:41.852363 Gridding pass 4... Fourier transforms...
2019-Aug-13 23:43:00.928305 Gridding pass 5... Fourier transforms...
2019-Aug-13 23:45:50.514213 Gridding pass 6... Fourier transforms...
2019-Aug-13 23:48:09.990545 Gridding pass 7... Fourier transforms...
2019-Aug-13 23:50:30.629889 Gridding pass 8... Fourier transforms...
2019-Aug-13 23:52:33.281631 Gridding pass 9... Fourier transforms...
2019-Aug-13 23:54:17.241012 Gridding pass 10... Fourier transforms...
2019-Aug-13 23:55:53.161688 Gridding pass 11... Fourier transforms...
2019-Aug-13 23:57:43.108940 Gridding pass 12... Fourier transforms...
2019-Aug-13 23:59:31.367513 Gridding pass 13... Fourier transforms...
2019-Aug-14 00:01:07.667595 Gridding pass 14... Fourier transforms...
2019-Aug-14 00:02:56.986578 Gridding pass 15... Fourier transforms...
2019-Aug-14 00:04:39.599003 Gridding pass 16... Fourier transforms...
2019-Aug-14 00:06:16.911775 Gridding pass 17... Fourier transforms...
2019-Aug-14 00:08:19.863019 Gridded visibility count: 7.535e+09, effective count after weighting: 7.535e+09
2019-Aug-14 00:09:28.340008  == Cleaning (3) ==
2019-Aug-14 00:09:37.388975 Estimated standard deviation of background noise: 1.21 mJy
2019-Aug-14 00:09:40.441110 Initial peak: 64.42 mJy at 10106,8524
2019-Aug-14 00:09:40.441127 Next major iteration at: 12.88 mJy
2019-Aug-14 00:10:46.870332 Performed 6167 iterations in total, 4883 in this major iteration with Clark optimization.
2019-Aug-14 00:12:29.420479 Stopped on peak 12.88 mJy, because the minor-loop threshold was reached. Continuing cleaning after inversion/prediction round.
2019-Aug-14 00:12:31.206523  == Converting model image to visibilities ==
2019-Aug-14 00:12:31.998214 Opening reordered part 0 spw 0 for ../GLEAM_A-team_EoR0_no_errors.ms
2019-Aug-14 00:12:32.054871 Theoretic beam = 6.39''
2019-Aug-14 00:12:32.054882 Minimal inversion size: 10816 x 10816, using optimal: 10976 x 10976
2019-Aug-14 00:13:08.461922 Will process 35/631 w-layers per pass.
2019-Aug-14 00:13:57.972035 Fourier transforms for pass 0... Predicting...
2019-Aug-14 00:16:25.807629 Fourier transforms for pass 1... Predicting...
2019-Aug-14 00:18:16.533232 Fourier transforms for pass 2... Predicting...
2019-Aug-14 00:19:50.799181 Fourier transforms for pass 3... Predicting...
2019-Aug-14 00:21:27.239253 Fourier transforms for pass 4... Predicting...
2019-Aug-14 00:22:58.218712 Fourier transforms for pass 5... Predicting...
2019-Aug-14 00:24:26.635362 Fourier transforms for pass 6... Predicting...
2019-Aug-14 00:25:51.613040 Fourier transforms for pass 7... Predicting...
2019-Aug-14 00:27:22.271582 Fourier transforms for pass 8... Predicting...
2019-Aug-14 00:28:47.402314 Fourier transforms for pass 9... Predicting...
2019-Aug-14 00:30:07.945539 Fourier transforms for pass 10... Predicting...
2019-Aug-14 00:31:31.919122 Fourier transforms for pass 11... Predicting...
2019-Aug-14 00:32:55.161054 Fourier transforms for pass 12... Predicting...
2019-Aug-14 00:34:19.847537 Fourier transforms for pass 13... Predicting...
2019-Aug-14 00:35:50.334206 Fourier transforms for pass 14... Predicting...
2019-Aug-14 00:37:20.951820 Fourier transforms for pass 15... Predicting...
2019-Aug-14 00:38:49.657247 Fourier transforms for pass 16... Predicting...
2019-Aug-14 00:40:13.975704 Fourier transforms for pass 17... Predicting...
2019-Aug-14 00:41:36.143623  == Constructing image ==
2019-Aug-14 00:41:36.143953 Opening reordered part 0 spw 0 for ../GLEAM_A-team_EoR0_no_errors.ms
2019-Aug-14 00:41:42.095195 Theoretic beam = 6.39''
2019-Aug-14 00:41:42.095222 Minimal inversion size: 10816 x 10816, using optimal: 10976 x 10976
2019-Aug-14 00:42:00.273870 Will process 35/631 w-layers per pass.
2019-Aug-14 00:42:00.273898 Gridding pass 0... Fourier transforms...
2019-Aug-14 00:57:36.430604 Gridding pass 1... Fourier transforms...
2019-Aug-14 01:02:59.419378 Gridding pass 2... Fourier transforms...
2019-Aug-14 01:07:04.722251 Gridding pass 3... Fourier transforms...
2019-Aug-14 01:10:35.204638 Gridding pass 4... Fourier transforms...
2019-Aug-14 01:13:38.460643 Gridding pass 5... Fourier transforms...
2019-Aug-14 01:16:15.801442 Gridding pass 6... Fourier transforms...
2019-Aug-14 01:18:34.587794 Gridding pass 7... Fourier transforms...
2019-Aug-14 01:20:47.654490 Gridding pass 8... Fourier transforms...
2019-Aug-14 01:22:58.274122 Gridding pass 9... Fourier transforms...
2019-Aug-14 01:24:47.598991 Gridding pass 10... Fourier transforms...
2019-Aug-14 01:26:22.526392 Gridding pass 11... Fourier transforms...
2019-Aug-14 01:28:15.946720 Gridding pass 12... Fourier transforms...
2019-Aug-14 01:29:57.491378 Gridding pass 13... Fourier transforms...
2019-Aug-14 01:31:41.839012 Gridding pass 14... Fourier transforms...
2019-Aug-14 01:33:30.201214 Gridding pass 15... Fourier transforms...
2019-Aug-14 01:35:13.830819 Gridding pass 16... Fourier transforms...
2019-Aug-14 01:36:48.397911 Gridding pass 17... Fourier transforms...
2019-Aug-14 01:38:50.757237 Gridded visibility count: 7.535e+09, effective count after weighting: 7.535e+09
2019-Aug-14 01:39:59.028062  == Cleaning (4) ==
2019-Aug-14 01:40:08.155032 Estimated standard deviation of background noise: 681.26 µJy
2019-Aug-14 01:40:11.060633 Initial peak: 14.6 mJy at 12147,6963
2019-Aug-14 01:40:11.060656 Next major iteration at: 2.92 mJy
2019-Aug-14 01:42:06.289937 Performed 10000 iterations in total, 3833 in this major iteration with Clark optimization.
2019-Aug-14 01:43:47.883812 Stopped on peak 6.77 mJy, because maximum number of iterations was reached.
2019-Aug-14 01:43:50.110383 Writing model image...
2019-Aug-14 01:43:52.886722  == Converting model image to visibilities ==
2019-Aug-14 01:43:53.176797 Opening reordered part 0 spw 0 for ../GLEAM_A-team_EoR0_no_errors.ms
2019-Aug-14 01:43:53.229743 Theoretic beam = 6.39''
2019-Aug-14 01:43:53.229754 Minimal inversion size: 10816 x 10816, using optimal: 10976 x 10976
2019-Aug-14 01:44:28.816321 Will process 35/631 w-layers per pass.
2019-Aug-14 01:45:17.500227 Fourier transforms for pass 0... Predicting...
2019-Aug-14 01:47:43.626396 Fourier transforms for pass 1... Predicting...
2019-Aug-14 01:49:39.689969 Fourier transforms for pass 2... Predicting...
2019-Aug-14 01:51:20.104814 Fourier transforms for pass 3... Predicting...
2019-Aug-14 01:52:59.683156 Fourier transforms for pass 4... Predicting...
2019-Aug-14 01:54:22.803656 Fourier transforms for pass 5... Predicting...
2019-Aug-14 01:56:02.481958 Fourier transforms for pass 6... Predicting...
2019-Aug-14 01:57:29.834644 Fourier transforms for pass 7... Predicting...
2019-Aug-14 01:58:52.746351 Fourier transforms for pass 8... Predicting...
2019-Aug-14 02:00:20.254944 Fourier transforms for pass 9... Predicting...
2019-Aug-14 02:01:48.846702 Fourier transforms for pass 10... Predicting...
2019-Aug-14 02:03:10.135860 Fourier transforms for pass 11... Predicting...
2019-Aug-14 02:04:34.432400 Fourier transforms for pass 12... Predicting...
2019-Aug-14 02:05:54.651048 Fourier transforms for pass 13... Predicting...
2019-Aug-14 02:07:25.201389 Fourier transforms for pass 14... Predicting...
2019-Aug-14 02:08:44.353981 Fourier transforms for pass 15... Predicting...
2019-Aug-14 02:10:02.651040 Fourier transforms for pass 16... Predicting...
2019-Aug-14 02:11:31.281109 Fourier transforms for pass 17... Predicting...
2019-Aug-14 02:13:02.310872  == Constructing image ==
2019-Aug-14 02:13:02.311205 Opening reordered part 0 spw 0 for ../GLEAM_A-team_EoR0_no_errors.ms
2019-Aug-14 02:13:08.459503 Theoretic beam = 6.39''
2019-Aug-14 02:13:08.459519 Minimal inversion size: 10816 x 10816, using optimal: 10976 x 10976
2019-Aug-14 02:13:26.916594 Will process 35/631 w-layers per pass.
2019-Aug-14 02:13:26.916662 Gridding pass 0... Fourier transforms...
2019-Aug-14 02:29:01.899502 Gridding pass 1... Fourier transforms...
2019-Aug-14 02:34:25.092100 Gridding pass 2... Fourier transforms...
2019-Aug-14 02:38:42.363171 Gridding pass 3... Fourier transforms...
2019-Aug-14 02:42:18.039071 Gridding pass 4... Fourier transforms...
2019-Aug-14 02:45:19.233841 Gridding pass 5... Fourier transforms...
2019-Aug-14 02:47:55.059639 Gridding pass 6... Fourier transforms...
2019-Aug-14 02:50:22.162418 Gridding pass 7... Fourier transforms...
2019-Aug-14 02:52:41.043830 Gridding pass 8... Fourier transforms...
2019-Aug-14 02:54:46.078417 Gridding pass 9... Fourier transforms...
2019-Aug-14 02:56:40.634595 Gridding pass 10... Fourier transforms...
2019-Aug-14 02:58:23.880685 Gridding pass 11... Fourier transforms...
2019-Aug-14 03:00:01.224804 Gridding pass 12... Fourier transforms...
2019-Aug-14 03:01:52.843116 Gridding pass 13... Fourier transforms...
2019-Aug-14 03:03:34.661921 Gridding pass 14... Fourier transforms...
2019-Aug-14 03:05:09.113588 Gridding pass 15... Fourier transforms...
2019-Aug-14 03:07:01.101138 Gridding pass 16... Fourier transforms...
2019-Aug-14 03:08:43.714230 Gridding pass 17... Fourier transforms...
2019-Aug-14 03:10:46.012024 Gridded visibility count: 7.535e+09, effective count after weighting: 7.535e+09
2019-Aug-14 03:11:54.744182 4 major iterations were performed.
2019-Aug-14 03:11:58.462243 Rendering sources to restored image (beam=94.44''-107.05'', PA=114.92 deg)... DONE
2019-Aug-14 03:12:38.256683 Writing restored image... DONE
2019-Aug-14 03:12:40.368739 Image buf alloc stats:
2019-Aug-14 03:12:40.368761          max alloc'd images = 73 real + 108 complex
2019-Aug-14 03:12:40.368772        max allocated chunks = 36
2019-Aug-14 03:12:40.368777       current allocated mem = 80.8 GB 
2019-Aug-14 03:12:40.368795 Inversion: 05:49:40.703086, prediction: 02:00:42.898600, deconvolution: 00:10:45.780528
2019-Aug-14 03:12:40.565399 Adding model data column... DONE
2019-Aug-14 03:19:22.117779 Writing changed model back to ../GLEAM_A-team_EoR0_no_errors.ms:
2019-Aug-14 03:19:22.117806  0%....10%....20%....30%....40%....50%....60%....70%....80%....90%....100%
2019-Aug-14 03:28:38.096063 Cleaning up temporary files...
