
SKA LOW imaging using ARL
Started at Wed Oct 30 13:46:00 2019

{'amplitude_loss': 0.25,
 'cellsize': None,
 'channels': [131, 139],
 'context': 'wprojectwstack',
 'deconvolve_facets': 8,
 'deconvolve_overlap': 16,
 'deconvolve_taper': 'tukey',
 'facets': 1,
 'fov': 1.4,
 'fractional_threshold': 0.2,
 'frequency_coal': 0.0,
 'local_directory': 'dask-workspace',
 'memory': 128,
 'mode': 'pipeline',
 'msname': '/mnt/storage-ssd/tim/Code/sim-low-imaging/data/EoR0_20deg_192.MS',
 'ngroup': 1,
 'niter': 1000,
 'nmajor': 3,
 'nmoment': 1,
 'npixel': None,
 'nworkers': 0,
 'nwplanes': None,
 'nwslabs': 15,
 'oversampling': 16,
 'plot': 'False',
 'restore_facets': 4,
 'serial': 'False',
 'single': 'False',
 'threads_per_worker': 1,
 'threshold': 0.01,
 'time_coal': 0.0,
 'use_serial_invert': 'True',
 'use_serial_predict': 'True',
 'weighting': 'uniform',
 'window_edge': None,
 'window_shape': None,
 'wstep': None}
Target MS is /mnt/storage-ssd/tim/Code/sim-low-imaging/data/EoR0_20deg_192.MS
[131 132 133 134 135 136 137 138 139]

Setup of processing mode
Will use dask processing
Creating Dask Client using externally defined scheduler
Diagnostic pages available on port http://10.60.253.14:8787
<Client: 'tcp://10.60.253.14:8786' processes=8 threads=8, memory=1.08 TB>
Will use serial invert
Will use serial predict

Setup of visibility ingest
[[131, 131], [132, 132], [133, 133], [134, 134], [135, 135], [136, 136], [137, 137], [138, 138]]

Setup of images
Image shape is 7800 by 7800 pixels

Setup of wide field imaging
Will do hybrid w stack/w projection, 15 w slabs, 65 w planes, support 14, w step 71.0

Setup of weighting
Will apply uniform weighting

Running pipeline
Processing took 10711.43 (s)
Quality assessment:
	Origin: qa_image
	Context: 
	Data:
		shape: '(1, 1, 7800, 7800)'
		max: '1.815877663989589'
		min: '-0.04443019873498383'
		maxabs: '1.815877663989589'
		rms: '0.0017656201016739862'
		sum: '375.93704770401246'
		medianabs: '0.0008299875569593733'
		medianabsdevmedian: '0.0008299592826225278'
		median: '-3.93638634245393e-06'

Writing restored image to EoR0_20deg_192_restored.fits
>>> Processor time used in each function
